Log file open, 06/24/17 15:42:53
LogInit:Display: Running engine for game: BananaQuest
LogPlatformFile: Not using cached read wrapper
LogInit:Display: RandInit(-1367150774) SRandInit(-1367150774).
LogTaskGraph: Started task graph with 5 named threads and 8 total threads with 1 sets of task threads.
LogStats: Stats thread started at 0.095671
LogInit: Using libcurl 7.47.1
LogInit:  - built for x86_64-pc-win32
LogInit:  - supports SSL with OpenSSL/1.0.2g
LogInit:  - supports HTTP deflate (compression) using libz 1.2.8
LogInit:  - other features:
LogInit:      CURL_VERSION_SSL
LogInit:      CURL_VERSION_LIBZ
LogInit:      CURL_VERSION_IPV6
LogInit:      CURL_VERSION_ASYNCHDNS
LogInit:      CURL_VERSION_LARGEFILE
LogInit:      CURL_VERSION_IDN
LogInit:  CurlRequestOptions (configurable via config and command line):
LogInit:  - bVerifyPeer = false  - Libcurl will NOT verify peer certificate
LogInit:  - bUseHttpProxy = false  - Libcurl will NOT use HTTP proxy
LogInit:  - bDontReuseConnections = false  - Libcurl will reuse connections
LogInit:  - CertBundlePath = nullptr  - Libcurl will use whatever was configured at build time.
LogInit: Build: ++UE4+Release-4.16-CL-3466753
LogInit: Engine Version: 4.16.1-3466753+++UE4+Release-4.16
LogInit: Compatible Engine Version: 4.16.0-3452394+++UE4+Release-4.16
LogInit: Net CL: 3452394
LogDevObjectVersion: Number of dev versions registered: 16
LogDevObjectVersion:   Dev-Blueprints (B0D832E4-1F89-4F0D-ACCF-7EB736FD4AA2): 9
LogDevObjectVersion:   Dev-Build (E1C64328-A22C-4D53-A36C-8E866417BD8C): 0
LogDevObjectVersion:   Dev-Core (375EC13C-06E4-48FB-B500-84F0262A717E): 2
LogDevObjectVersion:   Dev-Editor (E4B068ED-F494-42E9-A231-DA0B2E46BB41): 17
LogDevObjectVersion:   Dev-Framework (CFFC743F-43B0-4480-9391-14DF171D2073): 23
LogDevObjectVersion:   Dev-Mobile (B02B49B5-BB20-44E9-A304-32B752E40360): 0
LogDevObjectVersion:   Dev-Networking (A4E4105C-59A1-49B5-A7C5-40C4547EDFEE): 0
LogDevObjectVersion:   Dev-Online (39C831C9-5AE6-47DC-9A44-9C173E1C8E7C): 0
LogDevObjectVersion:   Dev-Physics (78F01B33-EBEA-4F98-B9B4-84EACCB95AA2): 0
LogDevObjectVersion:   Dev-Platform (6631380F-2D4D-43E0-8009-CF276956A95A): 0
LogDevObjectVersion:   Dev-Rendering (12F88B9F-8875-4AFC-A67C-D90C383ABD29): 15
LogDevObjectVersion:   Dev-Sequencer (7B5AE74C-D270-4C10-A958-57980B212A5A): 4
LogDevObjectVersion:   Dev-VR (D7296918-1DD6-4BDD-9DE2-64A83CC13884): 0
LogDevObjectVersion:   Dev-LoadTimes (C2A15278-BFE7-4AFE-6C17-90FF531DF755): 1
LogDevObjectVersion:   Private-Geometry (6EACA3D4-40EC-4CC1-B786-8BED09428FC5): 1
LogDevObjectVersion:   Dev-AnimPhys (29E575DD-E0A3-4627-9D10-D276232CDCEA): 3
LogInit: Compiled (64-bit): May 31 2017 02:03:30
LogInit: Compiled with Visual C++: 19.00.24215.01
LogInit: Build Configuration: Development
LogInit: Branch Name: ++UE4+Release-4.16
LogInit: Command line:  
LogInit: Base directory: C:/Program Files/Epic Games/UE_4.16/Engine/Binaries/Win64/
LogInit: Installed Engine Build: 1
LogInit: Presizing for max 8388607 objects, including 0 objects not considered by GC, pre-allocating 0 bytes for permanent pool.
LogInit: Object subsystem initialized
[2017.06.24-05.42.54:088][  0]LogInit: Selected Device Profile: [Windows]
[2017.06.24-05.42.54:088][  0]LogInit: Applying CVar settings loaded from the selected device profile: [Windows]
[2017.06.24-05.42.54:101][  0]LogInit: Computer: DESKTOP-IBGBMK1
[2017.06.24-05.42.54:101][  0]LogInit: User: tommy
[2017.06.24-05.42.54:101][  0]LogInit: CPU Page size=4096, Cores=4
[2017.06.24-05.42.54:101][  0]LogInit: High frequency timer resolution =2.437500 MHz
[2017.06.24-05.42.54:101][  0]LogMemory: Memory total: Physical=7.9GB (8GB approx)
[2017.06.24-05.42.54:101][  0]LogMemory: Platform Memory Stats for Windows
[2017.06.24-05.42.54:101][  0]LogMemory: Process Physical Memory: 273.35 MB used, 273.35 MB peak
[2017.06.24-05.42.54:101][  0]LogMemory: Process Virtual Memory: 266.53 MB used, 266.53 MB peak
[2017.06.24-05.42.54:101][  0]LogMemory: Physical Memory: 3519.89 MB used,  4535.82 MB free, 8055.70 MB total
[2017.06.24-05.42.54:101][  0]LogMemory: Virtual Memory: 643.25 MB used,  4535.82 MB free, 134217728.00 MB total
[2017.06.24-05.42.54:176][  0]LogInit: Using OS detected language (en-US).
[2017.06.24-05.42.54:176][  0]LogInit: Using OS detected locale (en-AU).
[2017.06.24-05.42.54:179][  0]LogTextLocalizationManager: No specific localization for 'en-US' exists, so the 'en' localization will be used.
[2017.06.24-05.42.55:220][  0]LogD3D11RHI: D3D11 adapters:
[2017.06.24-05.42.55:275][  0]LogD3D11RHI:    0. 'NVIDIA GeForce GTX 1050 Ti' (Feature Level 11_0)
[2017.06.24-05.42.55:275][  0]LogD3D11RHI:       2009/0/4027 MB DedicatedVideo/DedicatedSystem/SharedSystem, Outputs:2, VendorId:0x10de
[2017.06.24-05.42.55:285][  0]LogD3D11RHI:    1. 'Intel(R) HD Graphics 630' (Feature Level 11_0)
[2017.06.24-05.42.55:285][  0]LogD3D11RHI:       128/0/4027 MB DedicatedVideo/DedicatedSystem/SharedSystem, Outputs:0, VendorId:0x8086
[2017.06.24-05.42.55:287][  0]LogD3D11RHI:    2. 'Microsoft Basic Render Driver' (Feature Level 11_0)
[2017.06.24-05.42.55:287][  0]LogD3D11RHI:       0/0/4027 MB DedicatedVideo/DedicatedSystem/SharedSystem, Outputs:0, VendorId:0x1414
[2017.06.24-05.42.55:287][  0]LogD3D11RHI: Chosen D3D11 Adapter: 0
[2017.06.24-05.42.55:292][  0]LogD3D11RHI: Creating new Direct3DDevice
[2017.06.24-05.42.55:292][  0]LogD3D11RHI:     GPU DeviceId: 0x1c8c (for the marketing name, search the web for "GPU Device Id")
[2017.06.24-05.42.55:292][  0]LogWindows: EnumDisplayDevices:
[2017.06.24-05.42.55:293][  0]LogWindows:    0. 'Intel(R) HD Graphics 630' (P:1 D:1)
[2017.06.24-05.42.55:293][  0]LogWindows:    1. 'Intel(R) HD Graphics 630' (P:0 D:1)
[2017.06.24-05.42.55:293][  0]LogWindows:    2. 'Intel(R) HD Graphics 630' (P:0 D:0)
[2017.06.24-05.42.55:293][  0]LogWindows: DebugString: PrimaryIsNotTheChoosenAdapter PrimaryIsNotTheChoosenAdapter PrimaryIsNotTheChoosenAdapter FoundDriverCount:0 
[2017.06.24-05.42.55:293][  0]LogD3D11RHI:     Adapter Name: NVIDIA GeForce GTX 1050 Ti
[2017.06.24-05.42.55:293][  0]LogD3D11RHI:   Driver Version: Unknown (internal:Unknown, unified:Unknown)
[2017.06.24-05.42.55:293][  0]LogD3D11RHI:      Driver Date: Unknown
[2017.06.24-05.42.55:293][  0]LogRHI: Texture pool is 1361 MB (70% of 1945 MB)
[2017.06.24-05.42.55:321][  0]LogD3D11RHI: Async texture creation enabled
[2017.06.24-05.42.55:331][  0]LogD3D11RHI: GPU Timing Frequency: 1000.000000 (Debug: 2 1)
[2017.06.24-05.42.55:332][  0]LogShaderCompilers: Guid format shader working directory is -38 characters bigger than the processId version (../../../../../../Users/tommy/Desktop/Unreal Engine 4 Materials Tutorial/BananaQuest/Intermediate/Shaders/WorkingDirectory/4156/).
[2017.06.24-05.42.55:332][  0]LogShaderCompilers: Cleaned the shader compiler working directory 'C:/Users/tommy/AppData/Local/Temp/UnrealShaderWorkingDir/946C7D574D86960B8865D4A36D79CFF0/'.
[2017.06.24-05.42.55:332][  0]LogShaderCompilers:Display: Using Local Shader Compiler.
[2017.06.24-05.42.56:434][  0]LogTemp:Display: Loaded TP AllDesktopTargetPlatform
[2017.06.24-05.42.56:485][  0]LogTemp:Display: Loaded TP MacClientTargetPlatform
[2017.06.24-05.42.56:538][  0]LogTemp:Display: Loaded TP MacNoEditorTargetPlatform
[2017.06.24-05.42.56:588][  0]LogTemp:Display: Loaded TP MacServerTargetPlatform
[2017.06.24-05.42.56:639][  0]LogTemp:Display: Loaded TP MacTargetPlatform
[2017.06.24-05.42.56:690][  0]LogTemp:Display: Loaded TP WindowsClientTargetPlatform
[2017.06.24-05.42.56:741][  0]LogTemp:Display: Loaded TP WindowsNoEditorTargetPlatform
[2017.06.24-05.42.56:793][  0]LogTemp:Display: Loaded TP WindowsServerTargetPlatform
[2017.06.24-05.42.56:838][  0]LogTemp:Display: Loaded TP WindowsTargetPlatform
[2017.06.24-05.42.56:890][  0]LogTemp:Display: Loaded TP AndroidTargetPlatform
[2017.06.24-05.42.56:939][  0]LogTemp:Display: Loaded TP Android_ASTCTargetPlatform
[2017.06.24-05.42.56:989][  0]LogTemp:Display: Loaded TP Android_ATCTargetPlatform
[2017.06.24-05.42.57:041][  0]LogTemp:Display: Loaded TP Android_DXTTargetPlatform
[2017.06.24-05.42.57:090][  0]LogTemp:Display: Loaded TP Android_ETC1TargetPlatform
[2017.06.24-05.42.57:139][  0]LogTemp:Display: Loaded TP Android_ETC2TargetPlatform
[2017.06.24-05.42.57:236][  0]LogTemp:Display: Loaded TP Android_MultiTargetPlatform
[2017.06.24-05.42.57:236][  0]LogTemp:Display: Loaded TP Android_PVRTCTargetPlatform
[2017.06.24-05.42.57:279][  0]LogTemp:Display: Loaded TP HTML5TargetPlatform
[2017.06.24-05.42.57:371][  0]LogTemp:Display: Loaded TP IOSTargetPlatform
[2017.06.24-05.42.57:400][  0]LogTemp:Display: Loaded TP TVOSTargetPlatform
[2017.06.24-05.42.57:450][  0]LogTemp:Display: Loaded TP LinuxClientTargetPlatform
[2017.06.24-05.42.57:499][  0]LogTemp:Display: Loaded TP LinuxNoEditorTargetPlatform
[2017.06.24-05.42.57:550][  0]LogTemp:Display: Loaded TP LinuxServerTargetPlatform
[2017.06.24-05.42.57:600][  0]LogTemp:Display: Loaded TP LinuxTargetPlatform
[2017.06.24-05.42.57:600][  0]LogTargetPlatformManager:Display: Building Assets For Windows
[2017.06.24-05.42.58:108][  0]LogDerivedDataCache:Display: Max Cache Size: 512 MB
[2017.06.24-05.42.58:220][  0]LogDerivedDataCache: Loaded boot cache 0.11s 90MB C:/Users/tommy/AppData/Local/UnrealEngine/4.16/DerivedDataCache/Boot.ddc.
[2017.06.24-05.42.58:220][  0]LogDerivedDataCache:Display: Loaded Boot cache: C:/Users/tommy/AppData/Local/UnrealEngine/4.16/DerivedDataCache/Boot.ddc
[2017.06.24-05.42.58:220][  0]LogDerivedDataCache: FDerivedDataBackendGraph:  Pak pak cache file ../../../../../../Users/tommy/Desktop/Unreal Engine 4 Materials Tutorial/BananaQuest/DerivedDataCache/DDC.ddp not found, will not use a pak cache.
[2017.06.24-05.42.58:220][  0]LogDerivedDataCache: Unable to find inner node Pak for hierarchical cache Hierarchy.
[2017.06.24-05.42.58:220][  0]LogDerivedDataCache: FDerivedDataBackendGraph:  CompressedPak pak cache file ../../../../../../Users/tommy/Desktop/Unreal Engine 4 Materials Tutorial/BananaQuest/DerivedDataCache/Compressed.ddp not found, will not use a pak cache.
[2017.06.24-05.42.58:220][  0]LogDerivedDataCache: Unable to find inner node CompressedPak for hierarchical cache Hierarchy.
[2017.06.24-05.42.58:235][  0]LogDerivedDataCache:Display: Pak cache opened for reading ../../../Engine/DerivedDataCache/Compressed.ddp.
[2017.06.24-05.42.58:248][  0]LogDerivedDataCache: Using Local data cache path C:/Users/tommy/AppData/Local/UnrealEngine/Common/DerivedDataCache: Writable
[2017.06.24-05.42.58:258][  0]LogMaterial: Verifying Global Shaders for PCD3D_SM5
[2017.06.24-05.42.58:258][  0]LogSlate: Using Freetype 2.6.0
[2017.06.24-05.42.58:259][  0]LogSlate: SlateFontCache - WITH_FREETYPE: 1, WITH_HARFBUZZ: 1
[2017.06.24-05.42.58:259][  0]LogSlate: SlateFontCache - WITH_FREETYPE: 1, WITH_HARFBUZZ: 1
[2017.06.24-05.42.58:581][  0]LogInit: Selected Device Profile: [Windows]
[2017.06.24-05.42.58:671][  0]LogContentStreaming: Texture pool size is 0.00 MB
[2017.06.24-05.42.58:834][  0]LogMeshUtilities: Using QuadricMeshReduction for automatic static mesh reduction
[2017.06.24-05.42.58:879][  0]LogSimplygon: Simplygon DLL not present - disabling.
[2017.06.24-05.42.58:925][  0]LogMeshUtilities: Using SimplygonSwarm for distributed automatic mesh merging
[2017.06.24-05.42.58:925][  0]LogMeshUtilities: No automatic skeletal mesh reduction module available
[2017.06.24-05.42.58:925][  0]LogMeshUtilities: No automatic mesh merging module available
[2017.06.24-05.42.59:532][  0]LogNetVersion: BananaQuest , NetCL: 3452394, EngineNetVer: 2, GameNetVer: 0 (Checksum: 2376666022)
[2017.06.24-05.42.59:598][  0]LogAssetRegistry: FAssetRegistry took 0.0259 seconds to start up
[2017.06.24-05.42.59:655][  0]LogPackageLocalizationCache: Processed 4 localized package path(s) for 2 prioritized culture(s) in 0.033760 seconds
[2017.06.24-05.42.59:661][  0]LogUObjectArray: 34194 objects as part of root set at end of initial load.
[2017.06.24-05.42.59:661][  0]LogUObjectAllocator: 7260416 out of 0 bytes used by permanent object pool.
[2017.06.24-05.42.59:661][  0]LogUObjectArray: CloseDisregardForGC: 0/0 objects in disregard for GC pool
[2017.06.24-05.42.59:729][  0]LogInit: WinSock: version 1.1 (2.2), MaxSocks=32767, MaxUdp=65467
[2017.06.24-05.43.02:191][  0]LogTcpMessaging: Initializing TcpMessaging bridge
[2017.06.24-05.43.02:234][  0]LogUdpMessaging: Initializing bridge on interface 0.0.0.0:0 to multicast group 230.0.0.1:6666.
[2017.06.24-05.43.02:765][  0]LogMaterial: Uniform references updated for custom material expression Custom.
[2017.06.24-05.43.03:182][  0]SourceControl: Info Source control is disabled
[2017.06.24-05.43.03:183][  0]SourceControl: Info Source control is disabled
[2017.06.24-05.43.03:231][  0]SourceControl: Info Source control is disabled
[2017.06.24-05.43.03:279][  0]SourceControl: Info Source control is disabled
[2017.06.24-05.43.03:984][  0]LogAndroidPermission: UAndroidPermissionCallbackProxy::GetInstance
[2017.06.24-05.43.04:582][  0]LogEngine: Initializing Engine...
[2017.06.24-05.43.04:583][  0]LogHMD: Failed to initialize OpenVR with code 110
[2017.06.24-05.43.04:813][  0]LogStats: UGameplayTagsManager::ConstructGameplayTagTree: Construct from data asset -  0.000 s
[2017.06.24-05.43.04:813][  0]LogStats: UGameplayTagsManager::ConstructGameplayTagTree: GameplayTagTreeChangedEvent.Broadcast -  0.000 s
[2017.06.24-05.43.04:955][  0]LogAIModule: Creating AISystem for world Untitled
[2017.06.24-05.43.04:962][  0]LogInit: XAudio2 using 'Speakers / Headphones (Conexant SmartAudio HD)' : 2 channels at 48 kHz using 32 bits per sample (channel mask 0x3)
[2017.06.24-05.43.04:977][  0]LogInit: FAudioDevice initialized.
[2017.06.24-05.43.05:030][  0]LogDerivedDataCache: Saved boot cache 0.05s 90MB C:/Users/tommy/AppData/Local/UnrealEngine/4.16/DerivedDataCache/Boot.ddc.
[2017.06.24-05.43.05:087][  0]LogInit: Texture streaming: Enabled
[2017.06.24-05.43.05:188][  0]LogEngineSessionManager: EngineSessionManager initialized
[2017.06.24-05.43.05:406][  0]LogInit: Transaction tracking system initialized
[2017.06.24-05.43.05:727][  0]BlueprintLog: New page: Editor Load
[2017.06.24-05.43.06:713][  0]LocalizationService: Info Localization service is disabled
[2017.06.24-05.43.07:547][  0]LogConsoleResponse:Display: 
[2017.06.24-05.43.07:729][  0]LogCook:Display: Max memory allowance for cook 16384mb min free memory 0mb
[2017.06.24-05.43.07:729][  0]LogCook:Display: Mobile HDR setting 1
[2017.06.24-05.43.08:838][  0]LogFileCache: Scanning file cache for directory 'C:/Users/tommy/Desktop/Unreal Engine 4 Materials Tutorial/BananaQuest/Content/' took 0.01s
[2017.06.24-05.43.08:903][  0]SourceControl: Info Source control is disabled
[2017.06.24-05.43.08:903][  0]Cmd: MAP LOAD FILE="../../../../../../Users/tommy/Desktop/Unreal Engine 4 Materials Tutorial/BananaQuest/Content/BananaQuest/Maps/TutorialMap.umap" TEMPLATE=0 SHOWPROGRESS=1 FEATURELEVEL=3
[2017.06.24-05.43.08:904][  0]LightingResults: New page: Lighting Build
[2017.06.24-05.43.08:966][  0]MapCheck: New page: Map Check
[2017.06.24-05.43.08:966][  0]LightingResults: New page: Lighting Build
[2017.06.24-05.43.09:301][  0]LogAIModule: Creating AISystem for world TutorialMap
[2017.06.24-05.43.09:317][  0]LogEditorServer: Finished looking for orphan Actors (0.000 secs)
[2017.06.24-05.43.09:332][  0]Cmd: MAP CHECKDEP NOCLEARLOG
[2017.06.24-05.43.09:381][  0]MapCheck: Info Map check complete: 0 Error(s), 0 Warning(s), took 48.554ms to complete.
[2017.06.24-05.43.09:381][  0]LogFileHelpers: Loading map 'TutorialMap' took 0.477
[2017.06.24-05.43.09:533][  0]LogCollectionManager: Loaded 0 collections in 0.001888 seconds
[2017.06.24-05.43.09:616][  0]LogFileCache: Scanning file cache for directory 'C:/Users/tommy/Desktop/Unreal Engine 4 Materials Tutorial/BananaQuest/Saved/Collections/' took 0.01s
[2017.06.24-05.43.09:616][  0]LogFileCache: Scanning file cache for directory 'C:/Users/tommy/Desktop/Unreal Engine 4 Materials Tutorial/BananaQuest/Content/Developers/tommy/Collections/' took 0.01s
[2017.06.24-05.43.09:616][  0]LogFileCache: Scanning file cache for directory 'C:/Users/tommy/Desktop/Unreal Engine 4 Materials Tutorial/BananaQuest/Content/Collections/' took 0.01s
[2017.06.24-05.43.09:616][  0]LogCollectionManager: Rebuilt the GUID cache for 0 collections in 0.000002 seconds
[2017.06.24-05.43.09:625][  0]LogContentBrowser: Native class hierarchy populated in 0.0092 seconds. Added 2329 classes and 491 folders.
[2017.06.24-05.43.09:695][  0]LogContentBrowser: Native class hierarchy updated for 'WidgetCarousel' in 0.0005 seconds. Added 0 classes and 0 folders.
[2017.06.24-05.43.09:737][  0]LogContentBrowser: Native class hierarchy updated for 'AddContentDialog' in 0.0005 seconds. Added 0 classes and 0 folders.
[2017.06.24-05.43.09:780][  0]LogContentBrowser: Native class hierarchy updated for 'SceneOutliner' in 0.0005 seconds. Added 1 classes and 2 folders.
[2017.06.24-05.43.09:820][  0]LogCrashTracker: Crashtracker disabled due to settings.
[2017.06.24-05.43.09:824][  0]LogSlate: Took 0.000205 seconds to synchronously load lazily loaded font '../../../Engine/Content/Slate/Fonts/Roboto-Regular.ttf' (155K)
[2017.06.24-05.43.09:826][  0]LogSlate: Took 0.000209 seconds to synchronously load lazily loaded font '../../../Engine/Content/Slate/Fonts/Roboto-Bold.ttf' (160K)
[2017.06.24-05.43.09:835][  0]LogSlate: Took 0.000466 seconds to synchronously load lazily loaded font '../../../Engine/Content/Editor/Slate/Fonts/FontAwesome.ttf' (139K)
[2017.06.24-05.43.09:978][  0]LogRenderer: Reallocating scene render targets to support 1104x608 NumSamples 1 (Frame:1).
[2017.06.24-05.43.10:135][  0]LogUObjectGlobals:Warning: Failed to find object 'Class None.'
[2017.06.24-05.43.10:206][  0]LogContentBrowser: Native class hierarchy updated for 'HierarchicalLODOutliner' in 0.0006 seconds. Added 1 classes and 2 folders.
[2017.06.24-05.43.10:206][  0]LogLoad: (Engine Initialization) Total time: 17.82 seconds
[2017.06.24-05.43.10:206][  0]LogLoad: (Engine Initialization) Total Blueprint compile time: 0.14 seconds
[2017.06.24-05.43.10:206][  0]LogExternalProfiler: No external profilers were discovered.  External profiling features will not be available.
[2017.06.24-05.43.10:226][  0]LogWindowsTextInputMethodSystem:Display: IME system now deactivated.
[2017.06.24-05.43.10:227][  0]LogOcInput: OculusInput pre-init called
[2017.06.24-05.43.10:227][  0]LogHMD: Starting GearVRController plugin
[2017.06.24-05.43.10:242][  0]LogAssetRegistry: Asset discovery search completed in 10.6663 seconds
[2017.06.24-05.43.10:244][  0]LogCollectionManager: Rebuilt the object cache for 0 collections in 0.000001 seconds (found 0 objects)
[2017.06.24-05.43.10:244][  0]LogCollectionManager: Fixed up redirectors for 0 collections in 0.000023 seconds (updated 0 objects)
[2017.06.24-05.43.10:247][  0]LogContentStreaming: Texture pool size now 1000 MB
[2017.06.24-05.43.10:298][  0]LogSlate: Took 0.000201 seconds to synchronously load lazily loaded font '../../../Engine/Content/Slate/Fonts/Roboto-Light.ttf' (159K)
[2017.06.24-05.43.11:860][ 82]LogTemp: Repeting last play command: Selected Viewport
[2017.06.24-05.43.11:893][ 82]LogBlueprintUserMessages: Early PlayInEditor Detection: Level '/Game/BananaQuest/Maps/TutorialMap.TutorialMap:PersistentLevel' has LevelScriptBlueprint '/Game/BananaQuest/Maps/TutorialMap.TutorialMap:PersistentLevel.TutorialMap' with GeneratedClass '/Game/BananaQuest/Maps/TutorialMap.TutorialMap_C' with ClassGeneratedBy '/Game/BananaQuest/Maps/TutorialMap.TutorialMap:PersistentLevel.TutorialMap'
[2017.06.24-05.43.11:893][ 82]LogPlayLevel: PlayLevel: No blueprints needed recompiling
[2017.06.24-05.43.11:894][ 82]PIE: New page: PIE session: TutorialMap (25 Jun 2017 1:43:11 am)
[2017.06.24-05.43.11:894][ 82]LogPlayLevel: Creating play world package: /Game/BananaQuest/Maps/UEDPIE_0_TutorialMap
[2017.06.24-05.43.11:897][ 82]LogPlayLevel: PIE: StaticDuplicateObject took: (0.003486s)
[2017.06.24-05.43.11:898][ 82]LogAIModule: Creating AISystem for world TutorialMap
[2017.06.24-05.43.11:898][ 82]LogPlayLevel: PIE: World Init took: (0.000750s)
[2017.06.24-05.43.11:898][ 82]LogPlayLevel: PIE: Created PIE world by copying editor world from /Game/BananaQuest/Maps/TutorialMap.TutorialMap to /Game/BananaQuest/Maps/UEDPIE_0_TutorialMap.TutorialMap (0.004726s)
[2017.06.24-05.43.11:908][ 82]LogInit: XAudio2 using 'Speakers / Headphones (Conexant SmartAudio HD)' : 2 channels at 48 kHz using 32 bits per sample (channel mask 0x3)
[2017.06.24-05.43.11:916][ 82]LogInit: FAudioDevice initialized.
[2017.06.24-05.43.11:961][ 82]LogLoad: Game class is 'GM_Tutorial_C'
[2017.06.24-05.43.11:966][ 82]LogWorld: Bringing World /Game/BananaQuest/Maps/UEDPIE_0_TutorialMap.TutorialMap up for play (max tick rate 60) at 2017.06.24-15.43.11
[2017.06.24-05.43.11:966][ 82]LogWorld: Bringing up level for play took: 0.002246
[2017.06.24-05.43.12:016][ 82]LogContentBrowser: Native class hierarchy updated for 'MovieSceneCapture' in 0.0006 seconds. Added 11 classes and 0 folders.
[2017.06.24-05.43.12:017][ 82]PIE: Info Play in editor start time for /Game/BananaQuest/Maps/UEDPIE_0_TutorialMap 0.927
[2017.06.24-05.43.12:018][ 82]LogBlueprintUserMessages: Late PlayInEditor Detection: Level '/Game/BananaQuest/Maps/TutorialMap.TutorialMap:PersistentLevel' has LevelScriptBlueprint '/Game/BananaQuest/Maps/TutorialMap.TutorialMap:PersistentLevel.TutorialMap' with GeneratedClass '/Game/BananaQuest/Maps/TutorialMap.TutorialMap_C' with ClassGeneratedBy '/Game/BananaQuest/Maps/TutorialMap.TutorialMap:PersistentLevel.TutorialMap'
[2017.06.24-05.43.13:229][146]LogBlueprintUserMessages: Early EndPlayMap Detection: Level '/Game/BananaQuest/Maps/TutorialMap.TutorialMap:PersistentLevel' has LevelScriptBlueprint '/Game/BananaQuest/Maps/TutorialMap.TutorialMap:PersistentLevel.TutorialMap' with GeneratedClass '/Game/BananaQuest/Maps/TutorialMap.TutorialMap_C' with ClassGeneratedBy '/Game/BananaQuest/Maps/TutorialMap.TutorialMap:PersistentLevel.TutorialMap'
[2017.06.24-05.43.13:265][146]LogBlueprintUserMessages: Late EndPlayMap Detection: Level '/Game/BananaQuest/Maps/TutorialMap.TutorialMap:PersistentLevel' has LevelScriptBlueprint '/Game/BananaQuest/Maps/TutorialMap.TutorialMap:PersistentLevel.TutorialMap' with GeneratedClass '/Game/BananaQuest/Maps/TutorialMap.TutorialMap_C' with ClassGeneratedBy '/Game/BananaQuest/Maps/TutorialMap.TutorialMap:PersistentLevel.TutorialMap'
[2017.06.24-05.43.16:134][314]LogSlate: Took 0.000165 seconds to synchronously load lazily loaded font '../../../Engine/Content/Slate/Fonts/Roboto-Light.ttf' (159K)
[2017.06.24-05.43.16:588][314]LogContentBrowser: Native class hierarchy updated for 'BlueprintGraph' in 0.0010 seconds. Added 112 classes and 0 folders.
[2017.06.24-05.43.17:164][314]LogSlate: Took 0.000120 seconds to synchronously load lazily loaded font '../../../Engine/Content/Slate/Fonts/Roboto-Regular.ttf' (155K)
[2017.06.24-05.43.17:228][314]LogSlate: Took 0.000166 seconds to synchronously load lazily loaded font '../../../Engine/Content/Editor/Slate/Fonts/Roboto-BoldCondensed.ttf' (158K)
[2017.06.24-05.43.19:752][407]LogSlate: Took 0.000401 seconds to synchronously load lazily loaded font '../../../Engine/Content/Editor/Slate/Fonts/Roboto-Italic.ttf' (157K)
[2017.06.24-05.43.38:050][350]BlueprintLog: New page: Compile BP_Banana
[2017.06.24-05.43.38:605][367]LogSavePackage: Save=26.36ms
[2017.06.24-05.43.38:605][367]LogSavePackage: Moving '../../../../../../Users/tommy/Desktop/Unreal Engine 4 Materials Tutorial/BananaQuest/Saved/BP_Banana452B70AD45ECF6CB02A00BA2FEE8D957.tmp' to '../../../../../../Users/tommy/Desktop/Unreal Engine 4 Materials Tutorial/BananaQuest/Content/BananaQuest/Blueprints/BP_Banana.uasset'
[2017.06.24-05.43.38:611][367]LogSavePackage:Display: Finished SavePackage ../../../../../../Users/tommy/Desktop/Unreal Engine 4 Materials Tutorial/BananaQuest/Content/BananaQuest/Blueprints/BP_Banana.uasset
[2017.06.24-05.44.03:929][849]BlueprintLog: New page: Compile BP_Player
[2017.06.24-05.44.14:579][462]BlueprintLog: New page: Compile BP_Player
[2017.06.24-05.44.14:969][471]LogSavePackage: Save=43.55ms
[2017.06.24-05.44.14:969][471]LogSavePackage: Moving '../../../../../../Users/tommy/Desktop/Unreal Engine 4 Materials Tutorial/BananaQuest/Saved/BP_PlayerC3EB009846FE8BD7AE6610A8CD23E1BA.tmp' to '../../../../../../Users/tommy/Desktop/Unreal Engine 4 Materials Tutorial/BananaQuest/Content/BananaQuest/Blueprints/BP_Player.uasset'
[2017.06.24-05.44.14:972][471]LogSavePackage:Display: Finished SavePackage ../../../../../../Users/tommy/Desktop/Unreal Engine 4 Materials Tutorial/BananaQuest/Content/BananaQuest/Blueprints/BP_Player.uasset
[2017.06.24-05.44.19:624][733]BlueprintLog: New page: Compile BP_Player
[2017.06.24-05.44.20:075][746]LogSavePackage: Save=44.39ms
[2017.06.24-05.44.20:075][746]LogSavePackage: Moving '../../../../../../Users/tommy/Desktop/Unreal Engine 4 Materials Tutorial/BananaQuest/Saved/BP_PlayerFB3BC7994E970A516A1931B41221EBB2.tmp' to '../../../../../../Users/tommy/Desktop/Unreal Engine 4 Materials Tutorial/BananaQuest/Content/BananaQuest/Blueprints/BP_Player.uasset'
[2017.06.24-05.44.20:078][746]LogSavePackage:Display: Finished SavePackage ../../../../../../Users/tommy/Desktop/Unreal Engine 4 Materials Tutorial/BananaQuest/Content/BananaQuest/Blueprints/BP_Player.uasset
[2017.06.24-05.44.20:695][783]LogTemp: Repeting last play command: Selected Viewport
[2017.06.24-05.44.20:728][783]LogBlueprintUserMessages: Early PlayInEditor Detection: Level '/Game/BananaQuest/Maps/TutorialMap.TutorialMap:PersistentLevel' has LevelScriptBlueprint '/Game/BananaQuest/Maps/TutorialMap.TutorialMap:PersistentLevel.TutorialMap' with GeneratedClass '/Game/BananaQuest/Maps/TutorialMap.TutorialMap_C' with ClassGeneratedBy '/Game/BananaQuest/Maps/TutorialMap.TutorialMap:PersistentLevel.TutorialMap'
[2017.06.24-05.44.20:728][783]LogPlayLevel: PlayLevel: No blueprints needed recompiling
[2017.06.24-05.44.20:729][783]PIE: New page: PIE session: TutorialMap (25 Jun 2017 1:44:20 am)
[2017.06.24-05.44.20:729][783]LogPlayLevel: Creating play world package: /Game/BananaQuest/Maps/UEDPIE_0_TutorialMap
[2017.06.24-05.44.20:732][783]LogPlayLevel: PIE: StaticDuplicateObject took: (0.003301s)
[2017.06.24-05.44.20:733][783]LogAIModule: Creating AISystem for world TutorialMap
[2017.06.24-05.44.20:733][783]LogPlayLevel: PIE: World Init took: (0.000918s)
[2017.06.24-05.44.20:734][783]LogPlayLevel: PIE: Created PIE world by copying editor world from /Game/BananaQuest/Maps/TutorialMap.TutorialMap to /Game/BananaQuest/Maps/UEDPIE_0_TutorialMap.TutorialMap (0.004900s)
[2017.06.24-05.44.20:752][783]LogInit: XAudio2 using 'Speakers / Headphones (Conexant SmartAudio HD)' : 2 channels at 48 kHz using 32 bits per sample (channel mask 0x3)
[2017.06.24-05.44.20:760][783]LogInit: FAudioDevice initialized.
[2017.06.24-05.44.20:794][783]LogLoad: Game class is 'GM_Tutorial_C'
[2017.06.24-05.44.20:797][783]LogWorld: Bringing World /Game/BananaQuest/Maps/UEDPIE_0_TutorialMap.TutorialMap up for play (max tick rate 60) at 2017.06.24-15.44.20
[2017.06.24-05.44.20:797][783]LogWorld: Bringing up level for play took: 0.002310
[2017.06.24-05.44.20:799][783]PIE: Info Play in editor start time for /Game/BananaQuest/Maps/UEDPIE_0_TutorialMap -0.292
[2017.06.24-05.44.20:799][783]LogBlueprintUserMessages: Late PlayInEditor Detection: Level '/Game/BananaQuest/Maps/TutorialMap.TutorialMap:PersistentLevel' has LevelScriptBlueprint '/Game/BananaQuest/Maps/TutorialMap.TutorialMap:PersistentLevel.TutorialMap' with GeneratedClass '/Game/BananaQuest/Maps/TutorialMap.TutorialMap_C' with ClassGeneratedBy '/Game/BananaQuest/Maps/TutorialMap.TutorialMap:PersistentLevel.TutorialMap'
[2017.06.24-05.44.51:385][615]LogBlueprintUserMessages: Early EndPlayMap Detection: Level '/Game/BananaQuest/Maps/TutorialMap.TutorialMap:PersistentLevel' has LevelScriptBlueprint '/Game/BananaQuest/Maps/TutorialMap.TutorialMap:PersistentLevel.TutorialMap' with GeneratedClass '/Game/BananaQuest/Maps/TutorialMap.TutorialMap_C' with ClassGeneratedBy '/Game/BananaQuest/Maps/TutorialMap.TutorialMap:PersistentLevel.TutorialMap'
[2017.06.24-05.44.51:423][615]LogBlueprintUserMessages: Late EndPlayMap Detection: Level '/Game/BananaQuest/Maps/TutorialMap.TutorialMap:PersistentLevel' has LevelScriptBlueprint '/Game/BananaQuest/Maps/TutorialMap.TutorialMap:PersistentLevel.TutorialMap' with GeneratedClass '/Game/BananaQuest/Maps/TutorialMap.TutorialMap_C' with ClassGeneratedBy '/Game/BananaQuest/Maps/TutorialMap.TutorialMap:PersistentLevel.TutorialMap'
[2017.06.24-05.45.01:730][225]LogSavePackage: Save=37.36ms
[2017.06.24-05.45.01:730][225]LogSavePackage: Moving '../../../../../../Users/tommy/Desktop/Unreal Engine 4 Materials Tutorial/BananaQuest/Saved/BP_Player19E4CB6640006AEA9A4CACBFD641C92A.tmp' to '../../../../../../Users/tommy/Desktop/Unreal Engine 4 Materials Tutorial/BananaQuest/Content/BananaQuest/Blueprints/BP_Player.uasset'
[2017.06.24-05.45.01:732][225]LogSavePackage:Display: Finished SavePackage ../../../../../../Users/tommy/Desktop/Unreal Engine 4 Materials Tutorial/BananaQuest/Content/BananaQuest/Blueprints/BP_Player.uasset
[2017.06.24-05.45.23:743][808]LogSlate: Took 0.004164 seconds to synchronously load lazily loaded font '../../../Engine/Content/Editor/Slate/Fonts/Roboto-BoldCondensedItalic.ttf' (160K)
[2017.06.24-05.45.30:575][207]BlueprintLog: New page: Compile BP_Player
[2017.06.24-05.45.31:391][234]LogSavePackage: Save=45.80ms
[2017.06.24-05.45.31:391][234]LogSavePackage: Moving '../../../../../../Users/tommy/Desktop/Unreal Engine 4 Materials Tutorial/BananaQuest/Saved/BP_Player64540E434DF0B81BE7271D830F787ABF.tmp' to '../../../../../../Users/tommy/Desktop/Unreal Engine 4 Materials Tutorial/BananaQuest/Content/BananaQuest/Blueprints/BP_Player.uasset'
[2017.06.24-05.45.31:394][234]LogSavePackage:Display: Finished SavePackage ../../../../../../Users/tommy/Desktop/Unreal Engine 4 Materials Tutorial/BananaQuest/Content/BananaQuest/Blueprints/BP_Player.uasset
[2017.06.24-05.45.39:851][673]LogTemp: Repeting last play command: Selected Viewport
[2017.06.24-05.45.39:871][673]LogBlueprintUserMessages: Early PlayInEditor Detection: Level '/Game/BananaQuest/Maps/TutorialMap.TutorialMap:PersistentLevel' has LevelScriptBlueprint '/Game/BananaQuest/Maps/TutorialMap.TutorialMap:PersistentLevel.TutorialMap' with GeneratedClass '/Game/BananaQuest/Maps/TutorialMap.TutorialMap_C' with ClassGeneratedBy '/Game/BananaQuest/Maps/TutorialMap.TutorialMap:PersistentLevel.TutorialMap'
[2017.06.24-05.45.39:871][673]LogPlayLevel: PlayLevel: No blueprints needed recompiling
[2017.06.24-05.45.39:872][673]PIE: New page: PIE session: TutorialMap (25 Jun 2017 1:45:39 am)
[2017.06.24-05.45.39:872][673]LogPlayLevel: Creating play world package: /Game/BananaQuest/Maps/UEDPIE_0_TutorialMap
[2017.06.24-05.45.39:875][673]LogPlayLevel: PIE: StaticDuplicateObject took: (0.003161s)
[2017.06.24-05.45.39:875][673]LogAIModule: Creating AISystem for world TutorialMap
[2017.06.24-05.45.39:876][673]LogPlayLevel: PIE: World Init took: (0.000792s)
[2017.06.24-05.45.39:876][673]LogPlayLevel: PIE: Created PIE world by copying editor world from /Game/BananaQuest/Maps/TutorialMap.TutorialMap to /Game/BananaQuest/Maps/UEDPIE_0_TutorialMap.TutorialMap (0.004210s)
[2017.06.24-05.45.39:892][673]LogInit: XAudio2 using 'Speakers / Headphones (Conexant SmartAudio HD)' : 2 channels at 48 kHz using 32 bits per sample (channel mask 0x3)
[2017.06.24-05.45.39:901][673]LogInit: FAudioDevice initialized.
[2017.06.24-05.45.39:944][673]LogLoad: Game class is 'GM_Tutorial_C'
[2017.06.24-05.45.39:947][673]LogWorld: Bringing World /Game/BananaQuest/Maps/UEDPIE_0_TutorialMap.TutorialMap up for play (max tick rate 60) at 2017.06.24-15.45.39
[2017.06.24-05.45.39:947][673]LogWorld: Bringing up level for play took: 0.002613
[2017.06.24-05.45.39:949][673]PIE: Info Play in editor start time for /Game/BananaQuest/Maps/UEDPIE_0_TutorialMap 0.858
[2017.06.24-05.45.39:949][673]LogBlueprintUserMessages: Late PlayInEditor Detection: Level '/Game/BananaQuest/Maps/TutorialMap.TutorialMap:PersistentLevel' has LevelScriptBlueprint '/Game/BananaQuest/Maps/TutorialMap.TutorialMap:PersistentLevel.TutorialMap' with GeneratedClass '/Game/BananaQuest/Maps/TutorialMap.TutorialMap_C' with ClassGeneratedBy '/Game/BananaQuest/Maps/TutorialMap.TutorialMap:PersistentLevel.TutorialMap'
[2017.06.24-05.45.41:098][740]LogBlueprintUserMessages: Early EndPlayMap Detection: Level '/Game/BananaQuest/Maps/TutorialMap.TutorialMap:PersistentLevel' has LevelScriptBlueprint '/Game/BananaQuest/Maps/TutorialMap.TutorialMap:PersistentLevel.TutorialMap' with GeneratedClass '/Game/BananaQuest/Maps/TutorialMap.TutorialMap_C' with ClassGeneratedBy '/Game/BananaQuest/Maps/TutorialMap.TutorialMap:PersistentLevel.TutorialMap'
[2017.06.24-05.45.41:135][740]LogBlueprintUserMessages: Late EndPlayMap Detection: Level '/Game/BananaQuest/Maps/TutorialMap.TutorialMap:PersistentLevel' has LevelScriptBlueprint '/Game/BananaQuest/Maps/TutorialMap.TutorialMap:PersistentLevel.TutorialMap' with GeneratedClass '/Game/BananaQuest/Maps/TutorialMap.TutorialMap_C' with ClassGeneratedBy '/Game/BananaQuest/Maps/TutorialMap.TutorialMap:PersistentLevel.TutorialMap'
[2017.06.24-05.46.29:496][ 68]LogSavePackage: Save=163.94ms
[2017.06.24-05.46.29:496][ 68]LogSavePackage: Moving '../../../../../../Users/tommy/Desktop/Unreal Engine 4 Materials Tutorial/BananaQuest/Saved/TutorialMapC9E5916A4E3EB1D3E74300AE656F9FFD.tmp' to '../../../../../../Users/tommy/Desktop/Unreal Engine 4 Materials Tutorial/BananaQuest/Content/BananaQuest/Maps/TutorialMap.umap'
[2017.06.24-05.46.29:499][ 68]LogSavePackage:Display: Finished SavePackage ../../../../../../Users/tommy/Desktop/Unreal Engine 4 Materials Tutorial/BananaQuest/Content/BananaQuest/Maps/TutorialMap.umap
[2017.06.24-05.46.29:529][ 68]LogFileHelpers: Saving map 'TutorialMap' took 0.301
[2017.06.24-05.46.29:620][ 68]LogActorComponent: UnregisterComponent: (/Engine/Transient.EditorFloorComp) Not registered. Aborting.
[2017.06.24-05.46.29:671][ 68]LogWindowsTextInputMethodSystem:Display: IME system now deactivated.
[2017.06.24-05.46.29:887][ 69]Cmd: QUIT_EDITOR
[2017.06.24-05.46.30:917][ 69]LogExit: Preparing to exit.
[2017.06.24-05.46.31:450][ 69]LogDirectoryWatcher: A directory notification for 'C:/Users/tommy/Desktop/Unreal Engine 4 Materials Tutorial/BananaQuest/Content/' was aborted.
[2017.06.24-05.46.31:485][ 69]LogExit: Editor shut down
[2017.06.24-05.46.31:491][ 69]LogExit: Transaction tracking system shut down
[2017.06.24-05.46.31:585][ 69]LogObj: Freed 0b from 0 cluster array pools.
[2017.06.24-05.46.31:585][ 69]LogExit: Object subsystem successfully closed.
[2017.06.24-05.46.31:606][ 69]LogD3D11RHI: Shutdown
[2017.06.24-05.46.31:606][ 69]LogD3D11RHI: CleanupD3DDevice
[2017.06.24-05.46.31:707][ 69]LogD3D11RHI: ~FD3D11DynamicRHI
[2017.06.24-05.46.31:720][ 69]LogModuleManager: Shutting down and abandoning module BlueprintGraph (530)
[2017.06.24-05.46.31:720][ 69]LogModuleManager: Shutting down and abandoning module BlueprintProfiler (528)
[2017.06.24-05.46.31:720][ 69]LogModuleManager: Shutting down and abandoning module MovieSceneCapture (526)
[2017.06.24-05.46.31:720][ 69]LogModuleManager: Shutting down and abandoning module HierarchicalLODOutliner (524)
[2017.06.24-05.46.31:720][ 69]LogModuleManager: Shutting down and abandoning module CrashTracker (522)
[2017.06.24-05.46.31:720][ 69]LogModuleManager: Shutting down and abandoning module SceneOutliner (520)
[2017.06.24-05.46.31:721][ 69]LogModuleManager: Shutting down and abandoning module AddContentDialog (518)
[2017.06.24-05.46.31:721][ 69]LogDirectoryWatcher: A directory notification for 'C:/Program Files/Epic Games/UE_4.16/FeaturePacks/' was aborted.
[2017.06.24-05.46.31:721][ 69]LogModuleManager: Shutting down and abandoning module WidgetCarousel (517)
[2017.06.24-05.46.31:721][ 69]LogModuleManager: Shutting down and abandoning module EditorWidgets (514)
[2017.06.24-05.46.31:721][ 69]LogModuleManager: Shutting down and abandoning module CollectionManager (512)
[2017.06.24-05.46.31:721][ 69]LogDirectoryWatcher: A directory notification for 'C:/Users/tommy/Desktop/Unreal Engine 4 Materials Tutorial/BananaQuest/Content/Collections/' was aborted.
[2017.06.24-05.46.31:721][ 69]LogDirectoryWatcher: A directory notification for 'C:/Users/tommy/Desktop/Unreal Engine 4 Materials Tutorial/BananaQuest/Content/Developers/tommy/Collections/' was aborted.
[2017.06.24-05.46.31:721][ 69]LogDirectoryWatcher: A directory notification for 'C:/Users/tommy/Desktop/Unreal Engine 4 Materials Tutorial/BananaQuest/Saved/Collections/' was aborted.
[2017.06.24-05.46.31:722][ 69]LogModuleManager: Shutting down and abandoning module StatsViewer (510)
[2017.06.24-05.46.31:722][ 69]LogModuleManager: Shutting down and abandoning module FoliageEdit (508)
[2017.06.24-05.46.31:722][ 69]LogModuleManager: Shutting down and abandoning module LandscapeEditor (506)
[2017.06.24-05.46.31:722][ 69]LogModuleManager: Shutting down and abandoning module MeshPaintMode (504)
[2017.06.24-05.46.31:722][ 69]LogModuleManager: Shutting down and abandoning module SceneDepthPickerMode (502)
[2017.06.24-05.46.31:722][ 69]LogModuleManager: Shutting down and abandoning module ActorPickerMode (500)
[2017.06.24-05.46.31:722][ 69]LogModuleManager: Shutting down and abandoning module GeometryMode (498)
[2017.06.24-05.46.31:722][ 69]LogModuleManager: Shutting down and abandoning module TextureAlignMode (496)
[2017.06.24-05.46.31:722][ 69]LogModuleManager: Shutting down and abandoning module BspMode (494)
[2017.06.24-05.46.31:722][ 69]LogModuleManager: Shutting down and abandoning module HardwareSurvey (492)
[2017.06.24-05.46.31:722][ 69]LogModuleManager: Shutting down and abandoning module SequenceRecorderSections (490)
[2017.06.24-05.46.31:722][ 69]LogModuleManager: Shutting down and abandoning module AutomationWorker (488)
[2017.06.24-05.46.31:722][ 69]LogModuleManager: Shutting down and abandoning module MatineeToLevelSequence (486)
[2017.06.24-05.46.31:722][ 69]LogModuleManager: Shutting down and abandoning module LevelSequenceEditor (484)
[2017.06.24-05.46.31:722][ 69]LogModuleManager: Shutting down and abandoning module PlacementMode (483)
[2017.06.24-05.46.31:723][ 69]LogModuleManager: Shutting down and abandoning module WmfMediaFactory (480)
[2017.06.24-05.46.31:723][ 69]LogModuleManager: Shutting down and abandoning module WmfMediaEditor (478)
[2017.06.24-05.46.31:723][ 69]LogModuleManager: Shutting down and abandoning module AvfMediaFactory (476)
[2017.06.24-05.46.31:723][ 69]LogModuleManager: Shutting down and abandoning module AvfMediaEditor (474)
[2017.06.24-05.46.31:723][ 69]LogModuleManager: Shutting down and abandoning module AndroidMediaFactory (472)
[2017.06.24-05.46.31:723][ 69]LogModuleManager: Shutting down and abandoning module Media (471)
[2017.06.24-05.46.31:723][ 69]LogModuleManager: Shutting down and abandoning module AndroidMediaEditor (468)
[2017.06.24-05.46.31:723][ 69]LogModuleManager: Shutting down and abandoning module CharacterAI (466)
[2017.06.24-05.46.31:723][ 69]LogModuleManager: Shutting down and abandoning module AudioCapture (464)
[2017.06.24-05.46.31:723][ 69]LogModuleManager: Shutting down and abandoning module SequenceRecorder (463)
[2017.06.24-05.46.31:723][ 69]LogModuleManager: Shutting down and abandoning module SmartSnapping (460)
[2017.06.24-05.46.31:723][ 69]LogModuleManager: Shutting down and abandoning module SessionServices (458)
[2017.06.24-05.46.31:723][ 69]LogModuleManager: Shutting down and abandoning module ViewportSnapping (456)
[2017.06.24-05.46.31:723][ 69]LogModuleManager: Shutting down and abandoning module ViewportInteraction (454)
[2017.06.24-05.46.31:723][ 69]LogModuleManager: Shutting down and abandoning module ClothPainter (452)
[2017.06.24-05.46.31:723][ 69]LogModuleManager: Shutting down and abandoning module LogVisualizer (450)
[2017.06.24-05.46.31:723][ 69]LogModuleManager: Shutting down and abandoning module IntroTutorials (448)
[2017.06.24-05.46.31:723][ 69]LogModuleManager: Shutting down and abandoning module GameProjectGeneration (447)
[2017.06.24-05.46.31:723][ 69]LogModuleManager: Shutting down and abandoning module EditorLiveStreaming (444)
[2017.06.24-05.46.31:723][ 69]LogModuleManager: Shutting down and abandoning module IOSPlatformEditor (442)
[2017.06.24-05.46.31:723][ 69]LogModuleManager: Shutting down and abandoning module HTML5PlatformEditor (440)
[2017.06.24-05.46.31:723][ 69]LogModuleManager: Shutting down and abandoning module AndroidPlatformEditor (438)
[2017.06.24-05.46.31:723][ 69]LogModuleManager: Shutting down and abandoning module AndroidDeviceDetection (437)
[2017.06.24-05.46.32:129][ 69]LogModuleManager: Shutting down and abandoning module IOSRuntimeSettings (434)
[2017.06.24-05.46.32:129][ 69]LogModuleManager: Shutting down and abandoning module AndroidRuntimeSettings (432)
[2017.06.24-05.46.32:129][ 69]LogModuleManager: Shutting down and abandoning module InputBindingEditor (430)
[2017.06.24-05.46.32:129][ 69]LogModuleManager: Shutting down and abandoning module MergeActors (428)
[2017.06.24-05.46.32:129][ 69]LogModuleManager: Shutting down and abandoning module SizeMap (426)
[2017.06.24-05.46.32:129][ 69]LogModuleManager: Shutting down and abandoning module TreeMap (424)
[2017.06.24-05.46.32:129][ 69]LogModuleManager: Shutting down and abandoning module ReferenceViewer (422)
[2017.06.24-05.46.32:129][ 69]LogModuleManager: Shutting down and abandoning module LocalizationDashboard (420)
[2017.06.24-05.46.32:129][ 69]LogModuleManager: Shutting down and abandoning module LocalizationService (419)
[2017.06.24-05.46.32:129][ 69]LogModuleManager: Shutting down and abandoning module HardwareTargeting (416)
[2017.06.24-05.46.32:130][ 69]LogModuleManager: Shutting down and abandoning module DeviceProfileEditor (414)
[2017.06.24-05.46.32:130][ 69]LogModuleManager: Shutting down and abandoning module UndoHistory (412)
[2017.06.24-05.46.32:130][ 69]LogModuleManager: Shutting down and abandoning module UserFeedback (410)
[2017.06.24-05.46.32:130][ 69]LogModuleManager: Shutting down and abandoning module XmlParser (408)
[2017.06.24-05.46.32:130][ 69]LogModuleManager: Shutting down and abandoning module Blutility (406)
[2017.06.24-05.46.32:130][ 69]LogModuleManager: Shutting down and abandoning module ProjectSettingsViewer (404)
[2017.06.24-05.46.32:130][ 69]LogModuleManager: Shutting down and abandoning module ProjectTargetPlatformEditor (403)
[2017.06.24-05.46.32:130][ 69]LogModuleManager: Shutting down and abandoning module EditorSettingsViewer (400)
[2017.06.24-05.46.32:130][ 69]LogModuleManager: Shutting down and abandoning module SettingsEditor (398)
[2017.06.24-05.46.32:130][ 69]LogModuleManager: Shutting down and abandoning module ProjectLauncher (396)
[2017.06.24-05.46.32:130][ 69]LogModuleManager: Shutting down and abandoning module SessionFrontend (394)
[2017.06.24-05.46.32:131][ 69]LogModuleManager: Shutting down and abandoning module ProfilerClient (392)
[2017.06.24-05.46.32:131][ 69]LogModuleManager: Shutting down and abandoning module DeviceManager (390)
[2017.06.24-05.46.32:131][ 69]LogModuleManager: Shutting down and abandoning module TargetDeviceServices (389)
[2017.06.24-05.46.32:182][ 69]LogModuleManager: Shutting down and abandoning module AutomationController (386)
[2017.06.24-05.46.32:182][ 69]LogModuleManager: Shutting down and abandoning module AutomationWindow (384)
[2017.06.24-05.46.32:182][ 69]LogModuleManager: Shutting down and abandoning module Layers (382)
[2017.06.24-05.46.32:182][ 69]LogModuleManager: Shutting down and abandoning module ComponentVisualizers (380)
[2017.06.24-05.46.32:182][ 69]LogModuleManager: Shutting down and abandoning module DetailCustomizations (378)
[2017.06.24-05.46.32:182][ 69]LogModuleManager: Shutting down and abandoning module PackagesDialog (376)
[2017.06.24-05.46.32:182][ 69]LogModuleManager: Shutting down and abandoning module Persona (374)
[2017.06.24-05.46.32:182][ 69]LogModuleManager: Shutting down and abandoning module AdvancedPreviewScene (373)
[2017.06.24-05.46.32:182][ 69]LogModuleManager: Shutting down and abandoning module AnimGraph (371)
[2017.06.24-05.46.32:182][ 69]LogModuleManager: Shutting down and abandoning module Kismet (368)
[2017.06.24-05.46.32:189][ 69]LogModuleManager: Shutting down and abandoning module ClassViewer (366)
[2017.06.24-05.46.32:189][ 69]LogModuleManager: Shutting down and abandoning module Toolbox (364)
[2017.06.24-05.46.32:189][ 69]LogModuleManager: Shutting down and abandoning module ModuleUI (362)
[2017.06.24-05.46.32:189][ 69]LogModuleManager: Shutting down and abandoning module MovieSceneTools (360)
[2017.06.24-05.46.32:189][ 69]LogModuleManager: Shutting down and abandoning module OutputLog (358)
[2017.06.24-05.46.32:189][ 69]LogModuleManager: Shutting down and abandoning module GammaUI (356)
[2017.06.24-05.46.32:189][ 69]LogModuleManager: Shutting down and abandoning module Documentation (354)
[2017.06.24-05.46.32:189][ 69]LogModuleManager: Shutting down and abandoning module MovieSceneTracks (352)
[2017.06.24-05.46.32:189][ 69]LogModuleManager: Shutting down and abandoning module MovieScene (350)
[2017.06.24-05.46.32:189][ 69]LogModuleManager: Shutting down and abandoning module Niagara (348)
[2017.06.24-05.46.32:189][ 69]LogModuleManager: Shutting down and abandoning module NiagaraEditor (347)
[2017.06.24-05.46.32:189][ 69]LogModuleManager: Shutting down and abandoning module StreamingPauseRendering (344)
[2017.06.24-05.46.32:190][ 69]LogModuleManager: Shutting down and abandoning module AnalyticsET (342)
[2017.06.24-05.46.32:190][ 69]LogModuleManager: Shutting down and abandoning module PortalServices (340)
[2017.06.24-05.46.32:190][ 69]LogModuleManager: Shutting down and abandoning module PortalRpc (338)
[2017.06.24-05.46.32:190][ 69]LogModuleManager: Shutting down and abandoning module MessagingRpc (336)
[2017.06.24-05.46.32:190][ 69]LogModuleManager: Shutting down and abandoning module AIModule (334)
[2017.06.24-05.46.32:190][ 69]LogModuleManager: Shutting down and abandoning module GameplayDebugger (333)
[2017.06.24-05.46.32:190][ 69]LogModuleManager: Shutting down and abandoning module AITestSuite (331)
[2017.06.24-05.46.32:190][ 69]LogModuleManager: Shutting down and abandoning module ProfilerService (328)
[2017.06.24-05.46.32:310][ 69]LogModuleManager: Shutting down and abandoning module TaskGraph (326)
[2017.06.24-05.46.32:310][ 69]LogModuleManager: Shutting down and abandoning module SteamVRController (324)
[2017.06.24-05.46.32:310][ 69]LogModuleManager: Shutting down and abandoning module SteamVR (322)
[2017.06.24-05.46.32:310][ 69]LogModuleManager: Shutting down and abandoning module ProceduralMeshComponentEditor (320)
[2017.06.24-05.46.32:311][ 69]LogModuleManager: Shutting down and abandoning module ProceduralMeshComponent (318)
[2017.06.24-05.46.32:311][ 69]LogModuleManager: Shutting down and abandoning module OculusLibrary (316)
[2017.06.24-05.46.32:311][ 69]LogModuleManager: Shutting down and abandoning module OculusInput (314)
[2017.06.24-05.46.32:311][ 69]LogModuleManager: Shutting down and abandoning module MobilePatchingUtils (312)
[2017.06.24-05.46.32:311][ 69]LogModuleManager: Shutting down and abandoning module CustomMeshComponent (310)
[2017.06.24-05.46.32:311][ 69]LogModuleManager: Shutting down and abandoning module CableComponent (308)
[2017.06.24-05.46.32:311][ 69]LogModuleManager: Shutting down and abandoning module ArchVisCharacter (306)
[2017.06.24-05.46.32:311][ 69]LogModuleManager: Shutting down and abandoning module AndroidPermission (304)
[2017.06.24-05.46.32:311][ 69]LogModuleManager: Shutting down and abandoning module MediaPlayerEditor (300)
[2017.06.24-05.46.32:311][ 69]LogModuleManager: Shutting down and abandoning module HTML5Networking (298)
[2017.06.24-05.46.32:311][ 69]LogModuleManager: Shutting down and abandoning module AlembicImporter (296)
[2017.06.24-05.46.32:311][ 69]LogModuleManager: Shutting down and abandoning module AlembicLibrary (295)
[2017.06.24-05.46.32:311][ 69]LogModuleManager: Shutting down and abandoning module GeometryCache (294)
[2017.06.24-05.46.32:311][ 69]LogModuleManager: Shutting down and abandoning module GeometryCacheEd (293)
[2017.06.24-05.46.32:311][ 69]LogModuleManager: Shutting down and abandoning module SuperSearchEditor (288)
[2017.06.24-05.46.32:311][ 69]LogModuleManager: Shutting down and abandoning module SuperSearch (287)
[2017.06.24-05.46.32:311][ 69]LogModuleManager: Shutting down and abandoning module SpeedTreeImporter (284)
[2017.06.24-05.46.32:311][ 69]LogModuleManager: Shutting down and abandoning module PluginBrowser (282)
[2017.06.24-05.46.32:311][ 69]LogModuleManager: Shutting down and abandoning module MobileLauncherProfileWizard (280)
[2017.06.24-05.46.32:311][ 69]LogModuleManager: Shutting down and abandoning module VisualStudioSourceCodeAccess (278)
[2017.06.24-05.46.32:311][ 69]LogModuleManager: Shutting down and abandoning module DesktopPlatform (277)
[2017.06.24-05.46.32:311][ 69]LogModuleManager: Shutting down and abandoning module UObjectPlugin (274)
[2017.06.24-05.46.32:311][ 69]LogModuleManager: Shutting down and abandoning module SubversionSourceControl (272)
[2017.06.24-05.46.32:311][ 69]LogModuleManager: Shutting down and abandoning module PerforceSourceControl (270)
[2017.06.24-05.46.32:311][ 69]LogModuleManager: Shutting down and abandoning module GitSourceControl (268)
[2017.06.24-05.46.32:312][ 69]LogModuleManager: Shutting down and abandoning module SourceControl (267)
[2017.06.24-05.46.32:312][ 69]LogModuleManager: Shutting down and abandoning module LightPropagationVolumeEditor (264)
[2017.06.24-05.46.32:312][ 69]LogModuleManager: Shutting down and abandoning module PaperTiledImporter (262)
[2017.06.24-05.46.32:312][ 69]LogModuleManager: Shutting down and abandoning module PaperSpriteSheetImporter (260)
[2017.06.24-05.46.32:312][ 69]LogModuleManager: Shutting down and abandoning module Paper2DEditor (258)
[2017.06.24-05.46.32:312][ 69]LogModuleManager: Shutting down and abandoning module MeshPaint (257)
[2017.06.24-05.46.32:312][ 69]LogModuleManager: Shutting down and abandoning module LevelEditor (255)
[2017.06.24-05.46.32:314][ 69]LogModuleManager: Shutting down and abandoning module PixelInspectorModule (254)
[2017.06.24-05.46.32:314][ 69]LogModuleManager: Shutting down and abandoning module MainFrame (252)
[2017.06.24-05.46.32:314][ 69]LogModuleManager: Shutting down and abandoning module HotReload (251)
[2017.06.24-05.46.32:315][ 69]LogModuleManager: Shutting down and abandoning module PhysXVehiclesEditor (246)
[2017.06.24-05.46.32:315][ 69]LogModuleManager: Shutting down and abandoning module PhysXVehicles (244)
[2017.06.24-05.46.32:315][ 69]LogModuleManager: Shutting down and abandoning module LocationServicesBPLibrary (242)
[2017.06.24-05.46.32:315][ 69]LogModuleManager: Shutting down and abandoning module ImmediatePhysicsEditor (240)
[2017.06.24-05.46.32:315][ 69]LogModuleManager: Shutting down and abandoning module ImmediatePhysics (238)
[2017.06.24-05.46.32:315][ 69]LogModuleManager: Shutting down and abandoning module UdpMessaging (236)
[2017.06.24-05.46.32:416][ 69]LogModuleManager: Shutting down and abandoning module TcpMessaging (234)
[2017.06.24-05.46.32:516][ 69]LogModuleManager: Shutting down and abandoning module GameplayTagsEditor (232)
[2017.06.24-05.46.32:516][ 69]LogModuleManager: Shutting down and abandoning module FacialAnimationEditor (230)
[2017.06.24-05.46.32:516][ 69]LogModuleManager: Shutting down and abandoning module FacialAnimation (228)
[2017.06.24-05.46.32:516][ 69]LogModuleManager: Shutting down and abandoning module AssetManagerEditor (226)
[2017.06.24-05.46.32:517][ 69]LogModuleManager: Shutting down and abandoning module GraphEditor (225)
[2017.06.24-05.46.32:517][ 69]LogModuleManager: Shutting down and abandoning module ContentBrowser (223)
[2017.06.24-05.46.32:520][ 69]LogModuleManager: Shutting down and abandoning module LightPropagationVolumeRuntime (220)
[2017.06.24-05.46.32:520][ 69]LogModuleManager: Shutting down and abandoning module Paper2D (218)
[2017.06.24-05.46.32:520][ 69]LogModuleManager: Shutting down and abandoning module WindowsMoviePlayer (216)
[2017.06.24-05.46.32:520][ 69]LogModuleManager: Shutting down and abandoning module WmfMedia (214)
[2017.06.24-05.46.32:520][ 69]LogModuleManager: Shutting down and abandoning module ClothingSystemEditor (212)
[2017.06.24-05.46.32:520][ 69]LogModuleManager: Shutting down and abandoning module ClothingSystemRuntime (210)
[2017.06.24-05.46.32:520][ 69]LogModuleManager: Shutting down and abandoning module MediaAssets (208)
[2017.06.24-05.46.32:520][ 69]LogModuleManager: Shutting down and abandoning module GameLiveStreaming (206)
[2017.06.24-05.46.32:520][ 69]LogModuleManager: Shutting down and abandoning module VREditor (204)
[2017.06.24-05.46.32:520][ 69]LogModuleManager: Shutting down and abandoning module StringTableEditor (202)
[2017.06.24-05.46.32:520][ 69]LogModuleManager: Shutting down and abandoning module GameplayTasksEditor (200)
[2017.06.24-05.46.32:521][ 69]LogModuleManager: Shutting down and abandoning module BehaviorTreeEditor (198)
[2017.06.24-05.46.32:521][ 69]LogModuleManager: Shutting down and abandoning module FunctionalTesting (196)
[2017.06.24-05.46.32:521][ 69]LogModuleManager: Shutting down and abandoning module CollisionAnalyzer (194)
[2017.06.24-05.46.32:521][ 69]LogModuleManager: Shutting down and abandoning module UMG (192)
[2017.06.24-05.46.32:521][ 69]LogModuleManager: Shutting down and abandoning module UMGEditor (191)
[2017.06.24-05.46.32:521][ 69]LogModuleManager: Shutting down and abandoning module Sequencer (190)
[2017.06.24-05.46.32:521][ 69]LogModuleManager: Shutting down and abandoning module AssetTools (188)
[2017.06.24-05.46.32:521][ 69]LogModuleManager: Shutting down and abandoning module MessageLog (187)
[2017.06.24-05.46.32:521][ 69]LogModuleManager: Shutting down and abandoning module WorkspaceMenuStructure (186)
[2017.06.24-05.46.32:521][ 69]LogModuleManager: Shutting down and abandoning module SlateReflector (180)
[2017.06.24-05.46.32:521][ 69]LogModuleManager: Shutting down and abandoning module Slate (178)
[2017.06.24-05.46.32:521][ 69]LogModuleManager: Shutting down and abandoning module EditorStyle (176)
[2017.06.24-05.46.32:531][ 69]LogModuleManager: Shutting down and abandoning module SourceCodeAccess (174)
[2017.06.24-05.46.32:531][ 69]LogModuleManager: Shutting down and abandoning module HeadMountedDisplay (172)
[2017.06.24-05.46.32:531][ 69]LogModuleManager: Shutting down and abandoning module XAudio2 (170)
[2017.06.24-05.46.32:531][ 69]LogModuleManager: Shutting down and abandoning module Networking (168)
[2017.06.24-05.46.32:531][ 69]LogModuleManager: Shutting down and abandoning module Core (164)
[2017.06.24-05.46.32:531][ 69]LogModuleManager: Shutting down and abandoning module AssetRegistry (162)
[2017.06.24-05.46.32:693][ 69]LogDirectoryWatcher: A directory notification for '../../../Engine/Content/' was aborted.
[2017.06.24-05.46.32:694][ 69]LogDirectoryWatcher: A directory notification for '../../../../../../Users/tommy/Desktop/Unreal Engine 4 Materials Tutorial/BananaQuest/Content/' was aborted.
[2017.06.24-05.46.32:694][ 69]LogDirectoryWatcher: A directory notification for '../../../Engine/Plugins/2D/Paper2D/Content/' was aborted.
[2017.06.24-05.46.32:694][ 69]LogDirectoryWatcher: A directory notification for '../../../Engine/Plugins/Runtime/GearVR/Content/' was aborted.
[2017.06.24-05.46.32:697][ 69]LogModuleManager: Shutting down and abandoning module DirectoryWatcher (161)
[2017.06.24-05.46.32:698][ 69]LogModuleManager: Shutting down and abandoning module KismetCompiler (158)
[2017.06.24-05.46.32:698][ 69]LogModuleManager: Shutting down and abandoning module LevelSequence (156)
[2017.06.24-05.46.32:698][ 69]LogModuleManager: Shutting down and abandoning module PhysXFormats (154)
[2017.06.24-05.46.32:698][ 69]LogModuleManager: Shutting down and abandoning module MeshUtilities (152)
[2017.06.24-05.46.32:698][ 69]LogModuleManager: Shutting down and abandoning module SimplygonSwarm (151)
[2017.06.24-05.46.32:698][ 69]LogModuleManager: Shutting down and abandoning module SimplygonMeshReduction (149)
[2017.06.24-05.46.32:698][ 69]LogModuleManager: Shutting down and abandoning module QuadricMeshReduction (147)
[2017.06.24-05.46.32:698][ 69]LogModuleManager: Shutting down and abandoning module DerivedDataCache (144)
[2017.06.24-05.46.32:785][ 69]LogDerivedDataCache: Shutdown
[2017.06.24-05.46.32:785][ 69]LogModuleManager: Shutting down and abandoning module TargetPlatform (142)
[2017.06.24-05.46.32:785][ 69]LogModuleManager: Shutting down and abandoning module VulkanShaderFormat (141)
[2017.06.24-05.46.32:786][ 69]LogModuleManager: Shutting down and abandoning module ShaderFormatVectorVM (139)
[2017.06.24-05.46.32:786][ 69]LogModuleManager: Shutting down and abandoning module ShaderFormatOpenGL (137)
[2017.06.24-05.46.32:786][ 69]LogModuleManager: Shutting down and abandoning module ShaderFormatD3D (135)
[2017.06.24-05.46.32:786][ 69]LogModuleManager: Shutting down and abandoning module MetalShaderFormat (133)
[2017.06.24-05.46.32:786][ 69]LogModuleManager: Shutting down and abandoning module TextureFormatUncompressed (131)
[2017.06.24-05.46.32:786][ 69]LogModuleManager: Shutting down and abandoning module TextureFormatPVR (129)
[2017.06.24-05.46.32:786][ 69]LogModuleManager: Shutting down and abandoning module TextureFormatDXT (127)
[2017.06.24-05.46.32:786][ 69]LogModuleManager: Shutting down and abandoning module TextureFormatIntelISPCTexComp (125)
[2017.06.24-05.46.32:786][ 69]LogModuleManager: Shutting down and abandoning module TextureFormatASTC (123)
[2017.06.24-05.46.32:786][ 69]LogModuleManager: Shutting down and abandoning module ImageWrapper (122)
[2017.06.24-05.46.32:786][ 69]LogModuleManager: Shutting down and abandoning module TextureFormatAndroid (119)
[2017.06.24-05.46.32:786][ 69]LogModuleManager: Shutting down and abandoning module AudioFormatOpus (117)
[2017.06.24-05.46.32:786][ 69]LogModuleManager: Shutting down and abandoning module AudioFormatOgg (115)
[2017.06.24-05.46.32:786][ 69]LogModuleManager: Shutting down and abandoning module AudioFormatADPCM (113)
[2017.06.24-05.46.32:786][ 69]LogModuleManager: Shutting down and abandoning module LinuxTargetPlatform (111)
[2017.06.24-05.46.32:786][ 69]LogModuleManager: Shutting down and abandoning module LinuxServerTargetPlatform (109)
[2017.06.24-05.46.32:786][ 69]LogModuleManager: Shutting down and abandoning module LinuxNoEditorTargetPlatform (107)
[2017.06.24-05.46.32:786][ 69]LogModuleManager: Shutting down and abandoning module LinuxClientTargetPlatform (105)
[2017.06.24-05.46.32:786][ 69]LogModuleManager: Shutting down and abandoning module TVOSTargetPlatform (103)
[2017.06.24-05.46.32:786][ 69]LogModuleManager: Shutting down and abandoning module Messaging (101)
[2017.06.24-05.46.32:786][ 69]LogModuleManager: Shutting down and abandoning module IOSTargetPlatform (99)
[2017.06.24-05.46.32:786][ 69]LogModuleManager: Shutting down and abandoning module HTML5TargetPlatform (97)
[2017.06.24-05.46.32:786][ 69]LogModuleManager: Shutting down and abandoning module Android_PVRTCTargetPlatform (95)
[2017.06.24-05.46.32:786][ 69]LogModuleManager: Shutting down and abandoning module Android_MultiTargetPlatform (93)
[2017.06.24-05.46.32:786][ 69]LogModuleManager: Shutting down and abandoning module Android_ETC2TargetPlatform (91)
[2017.06.24-05.46.32:786][ 69]LogModuleManager: Shutting down and abandoning module Android_ETC1TargetPlatform (89)
[2017.06.24-05.46.32:786][ 69]LogModuleManager: Shutting down and abandoning module Android_DXTTargetPlatform (87)
[2017.06.24-05.46.32:786][ 69]LogModuleManager: Shutting down and abandoning module Android_ATCTargetPlatform (85)
[2017.06.24-05.46.32:786][ 69]LogModuleManager: Shutting down and abandoning module Android_ASTCTargetPlatform (83)
[2017.06.24-05.46.32:786][ 69]LogModuleManager: Shutting down and abandoning module AndroidTargetPlatform (81)
[2017.06.24-05.46.32:786][ 69]LogModuleManager: Shutting down and abandoning module WindowsTargetPlatform (79)
[2017.06.24-05.46.32:786][ 69]LogModuleManager: Shutting down and abandoning module WindowsServerTargetPlatform (77)
[2017.06.24-05.46.32:786][ 69]LogModuleManager: Shutting down and abandoning module WindowsNoEditorTargetPlatform (75)
[2017.06.24-05.46.32:786][ 69]LogModuleManager: Shutting down and abandoning module WindowsClientTargetPlatform (73)
[2017.06.24-05.46.32:786][ 69]LogModuleManager: Shutting down and abandoning module MacTargetPlatform (71)
[2017.06.24-05.46.32:786][ 69]LogModuleManager: Shutting down and abandoning module MacServerTargetPlatform (69)
[2017.06.24-05.46.32:786][ 69]LogModuleManager: Shutting down and abandoning module MacNoEditorTargetPlatform (67)
[2017.06.24-05.46.32:786][ 69]LogModuleManager: Shutting down and abandoning module MacClientTargetPlatform (65)
[2017.06.24-05.46.32:786][ 69]LogModuleManager: Shutting down and abandoning module AllDesktopTargetPlatform (63)
[2017.06.24-05.46.32:786][ 69]LogModuleManager: Shutting down and abandoning module InputCore (60)
[2017.06.24-05.46.32:786][ 69]LogModuleManager: Shutting down and abandoning module Settings (58)
[2017.06.24-05.46.32:786][ 69]LogModuleManager: Shutting down and abandoning module OculusRift (56)
[2017.06.24-05.46.32:786][ 69]LogModuleManager: Shutting down and abandoning module GearVRController (54)
[2017.06.24-05.46.32:786][ 69]LogModuleManager: Shutting down and abandoning module GearVR (52)
[2017.06.24-05.46.32:786][ 69]LogModuleManager: Shutting down and abandoning module ExampleDeviceProfileSelector (50)
[2017.06.24-05.46.32:786][ 69]LogModuleManager: Shutting down and abandoning module OnlineBlueprintSupport (48)
[2017.06.24-05.46.32:786][ 69]LogModuleManager: Shutting down and abandoning module OnlineSubsystem (44)
[2017.06.24-05.46.32:787][ 69]LogOnline:Display: Unloading online subsystem: NULL
[2017.06.24-05.46.32:787][ 69]LogModuleManager: Shutting down and abandoning module XMPP (43)
[2017.06.24-05.46.32:787][ 69]LogModuleManager: Shutting down and abandoning module HTTP (41)
[2017.06.24-05.46.32:787][ 69]LogHttp:Display: Http module shutting down, but needs to wait on 1 outstanding Http requests:
[2017.06.24-05.46.32:787][ 69]LogHttp:Display: 	verb=[POST] url=[https://datarouter.ol.epicgames.com/datarouter/api/v1/public/data?SessionID=%7BE2F26AAE-4479-4F91-4864-4EAA3CF8A9B7%7D&AppID=UEEditor.Rocket.Release&AppVersion=4.16.1-3466753%2B%2B%2BUE4%2BRelease-4.16&UserID=b4e25eea4a0d6450fb924cbf2b84ec0c%7Cddaae3d7adad4251b47aebd4e1f1f19e%7Cc1bb1c04-1998-4d1c-9da9-f3fc45d89125&AppEnvironment=datacollector-binary&UploadType=eteventstream] status=Processing
[2017.06.24-05.46.32:800][ 69]LogModuleManager: Shutting down and abandoning module SSL (40)
[2017.06.24-05.46.32:802][ 69]LogModuleManager: Shutting down and abandoning module HTTPChunkInstaller (36)
[2017.06.24-05.46.32:802][ 69]LogModuleManager: Shutting down and abandoning module AnimationModifiers (34)
[2017.06.24-05.46.32:802][ 69]LogModuleManager: Shutting down and abandoning module PropertyEditor (33)
[2017.06.24-05.46.32:802][ 69]LogModuleManager: Shutting down and abandoning module AudioEditor (30)
[2017.06.24-05.46.32:802][ 69]LogModuleManager: Shutting down and abandoning module TextureCompressor (28)
[2017.06.24-05.46.32:802][ 69]LogModuleManager: Shutting down and abandoning module ShaderCore (26)
[2017.06.24-05.46.32:802][ 69]LogModuleManager: Shutting down and abandoning module Landscape (24)
[2017.06.24-05.46.32:802][ 69]LogModuleManager: Shutting down and abandoning module SlateRHIRenderer (22)
[2017.06.24-05.46.32:804][ 69]LogModuleManager: Shutting down and abandoning module OpenGLDrv (20)
[2017.06.24-05.46.32:804][ 69]LogModuleManager: Shutting down and abandoning module D3D11RHI (18)
[2017.06.24-05.46.32:804][ 69]LogModuleManager: Shutting down and abandoning module AnimGraphRuntime (16)
[2017.06.24-05.46.32:804][ 69]LogModuleManager: Shutting down and abandoning module Renderer (14)
[2017.06.24-05.46.32:804][ 69]LogModuleManager: Shutting down and abandoning module Engine (12)
[2017.06.24-05.46.32:804][ 69]LogModuleManager: Shutting down and abandoning module CoreUObject (10)
[2017.06.24-05.46.32:804][ 69]LogModuleManager: Shutting down and abandoning module NetworkFile (8)
[2017.06.24-05.46.32:804][ 69]LogModuleManager: Shutting down and abandoning module StreamingFile (6)
[2017.06.24-05.46.32:804][ 69]LogModuleManager: Shutting down and abandoning module SandboxFile (4)
[2017.06.24-05.46.32:804][ 69]LogModuleManager: Shutting down and abandoning module PakFile (2)
[2017.06.24-05.46.32:807][ 69]LogExit: Exiting.
[2017.06.24-05.46.32:837][ 69]Log file closed, 06/24/17 15:46:32
