Log file open, 06/27/17 15:53:05
LogInit:Display: Running engine for game: BananaQuestStarter
LogPlatformFile: Not using cached read wrapper
LogInit:Display: RandInit(-1386703560) SRandInit(-1386703560).
LogTaskGraph: Started task graph with 5 named threads and 8 total threads with 1 sets of task threads.
LogStats: Stats thread started at 0.645909
LogInit: Using libcurl 7.47.1
LogInit:  - built for x86_64-pc-win32
LogInit:  - supports SSL with OpenSSL/1.0.2g
LogInit:  - supports HTTP deflate (compression) using libz 1.2.8
LogInit:  - other features:
LogInit:      CURL_VERSION_SSL
LogInit:      CURL_VERSION_LIBZ
LogInit:      CURL_VERSION_IPV6
LogInit:      CURL_VERSION_ASYNCHDNS
LogInit:      CURL_VERSION_LARGEFILE
LogInit:      CURL_VERSION_IDN
LogInit:  CurlRequestOptions (configurable via config and command line):
LogInit:  - bVerifyPeer = false  - Libcurl will NOT verify peer certificate
LogInit:  - bUseHttpProxy = false  - Libcurl will NOT use HTTP proxy
LogInit:  - bDontReuseConnections = false  - Libcurl will reuse connections
LogInit:  - CertBundlePath = nullptr  - Libcurl will use whatever was configured at build time.
LogInit: Build: ++UE4+Release-4.16-CL-3466753
LogInit: Engine Version: 4.16.1-3466753+++UE4+Release-4.16
LogInit: Compatible Engine Version: 4.16.0-3452394+++UE4+Release-4.16
LogInit: Net CL: 3452394
LogDevObjectVersion: Number of dev versions registered: 16
LogDevObjectVersion:   Dev-Blueprints (B0D832E4-1F89-4F0D-ACCF-7EB736FD4AA2): 9
LogDevObjectVersion:   Dev-Build (E1C64328-A22C-4D53-A36C-8E866417BD8C): 0
LogDevObjectVersion:   Dev-Core (375EC13C-06E4-48FB-B500-84F0262A717E): 2
LogDevObjectVersion:   Dev-Editor (E4B068ED-F494-42E9-A231-DA0B2E46BB41): 17
LogDevObjectVersion:   Dev-Framework (CFFC743F-43B0-4480-9391-14DF171D2073): 23
LogDevObjectVersion:   Dev-Mobile (B02B49B5-BB20-44E9-A304-32B752E40360): 0
LogDevObjectVersion:   Dev-Networking (A4E4105C-59A1-49B5-A7C5-40C4547EDFEE): 0
LogDevObjectVersion:   Dev-Online (39C831C9-5AE6-47DC-9A44-9C173E1C8E7C): 0
LogDevObjectVersion:   Dev-Physics (78F01B33-EBEA-4F98-B9B4-84EACCB95AA2): 0
LogDevObjectVersion:   Dev-Platform (6631380F-2D4D-43E0-8009-CF276956A95A): 0
LogDevObjectVersion:   Dev-Rendering (12F88B9F-8875-4AFC-A67C-D90C383ABD29): 15
LogDevObjectVersion:   Dev-Sequencer (7B5AE74C-D270-4C10-A958-57980B212A5A): 4
LogDevObjectVersion:   Dev-VR (D7296918-1DD6-4BDD-9DE2-64A83CC13884): 0
LogDevObjectVersion:   Dev-LoadTimes (C2A15278-BFE7-4AFE-6C17-90FF531DF755): 1
LogDevObjectVersion:   Private-Geometry (6EACA3D4-40EC-4CC1-B786-8BED09428FC5): 1
LogDevObjectVersion:   Dev-AnimPhys (29E575DD-E0A3-4627-9D10-D276232CDCEA): 3
LogInit: Compiled (64-bit): May 31 2017 02:03:30
LogInit: Compiled with Visual C++: 19.00.24215.01
LogInit: Build Configuration: Development
LogInit: Branch Name: ++UE4+Release-4.16
LogInit: Command line:  
LogInit: Base directory: C:/Program Files/Epic Games/UE_4.16/Engine/Binaries/Win64/
LogInit: Installed Engine Build: 1
LogInit: Presizing for max 8388607 objects, including 0 objects not considered by GC, pre-allocating 0 bytes for permanent pool.
LogInit: Object subsystem initialized
[2017.06.27-05.53.05:792][  0]LogInit: Selected Device Profile: [Windows]
[2017.06.27-05.53.05:793][  0]LogInit: Applying CVar settings loaded from the selected device profile: [Windows]
[2017.06.27-05.53.05:851][  0]LogInit: Computer: DESKTOP-IBGBMK1
[2017.06.27-05.53.05:851][  0]LogInit: User: tommy
[2017.06.27-05.53.05:851][  0]LogInit: CPU Page size=4096, Cores=4
[2017.06.27-05.53.05:851][  0]LogInit: High frequency timer resolution =2.437501 MHz
[2017.06.27-05.53.05:851][  0]LogMemory: Memory total: Physical=7.9GB (8GB approx)
[2017.06.27-05.53.05:851][  0]LogMemory: Platform Memory Stats for Windows
[2017.06.27-05.53.05:851][  0]LogMemory: Process Physical Memory: 273.34 MB used, 273.34 MB peak
[2017.06.27-05.53.05:851][  0]LogMemory: Process Virtual Memory: 266.59 MB used, 266.59 MB peak
[2017.06.27-05.53.05:851][  0]LogMemory: Physical Memory: 4437.00 MB used,  3618.70 MB free, 8055.70 MB total
[2017.06.27-05.53.05:851][  0]LogMemory: Virtual Memory: 643.25 MB used,  3618.70 MB free, 134217728.00 MB total
[2017.06.27-05.53.06:137][  0]LogInit: Using OS detected language (en-US).
[2017.06.27-05.53.06:137][  0]LogInit: Using OS detected locale (en-AU).
[2017.06.27-05.53.06:175][  0]LogTextLocalizationManager: No specific localization for 'en-US' exists, so the 'en' localization will be used.
[2017.06.27-05.53.09:043][  0]LogD3D11RHI: D3D11 adapters:
[2017.06.27-05.53.09:096][  0]LogD3D11RHI:    0. 'NVIDIA GeForce GTX 1050 Ti' (Feature Level 11_0)
[2017.06.27-05.53.09:096][  0]LogD3D11RHI:       2009/0/4027 MB DedicatedVideo/DedicatedSystem/SharedSystem, Outputs:1, VendorId:0x10de
[2017.06.27-05.53.09:107][  0]LogD3D11RHI:    1. 'Intel(R) HD Graphics 630' (Feature Level 11_0)
[2017.06.27-05.53.09:107][  0]LogD3D11RHI:       128/0/4027 MB DedicatedVideo/DedicatedSystem/SharedSystem, Outputs:0, VendorId:0x8086
[2017.06.27-05.53.09:108][  0]LogD3D11RHI:    2. 'Microsoft Basic Render Driver' (Feature Level 11_0)
[2017.06.27-05.53.09:108][  0]LogD3D11RHI:       0/0/4027 MB DedicatedVideo/DedicatedSystem/SharedSystem, Outputs:0, VendorId:0x1414
[2017.06.27-05.53.09:108][  0]LogD3D11RHI: Chosen D3D11 Adapter: 0
[2017.06.27-05.53.09:113][  0]LogD3D11RHI: Creating new Direct3DDevice
[2017.06.27-05.53.09:113][  0]LogD3D11RHI:     GPU DeviceId: 0x1c8c (for the marketing name, search the web for "GPU Device Id")
[2017.06.27-05.53.09:113][  0]LogWindows: EnumDisplayDevices:
[2017.06.27-05.53.09:114][  0]LogWindows:    0. 'Intel(R) HD Graphics 630' (P:1 D:1)
[2017.06.27-05.53.09:114][  0]LogWindows:    1. 'Intel(R) HD Graphics 630' (P:0 D:0)
[2017.06.27-05.53.09:114][  0]LogWindows:    2. 'Intel(R) HD Graphics 630' (P:0 D:0)
[2017.06.27-05.53.09:114][  0]LogWindows: DebugString: PrimaryIsNotTheChoosenAdapter PrimaryIsNotTheChoosenAdapter PrimaryIsNotTheChoosenAdapter FoundDriverCount:0 
[2017.06.27-05.53.09:114][  0]LogD3D11RHI:     Adapter Name: NVIDIA GeForce GTX 1050 Ti
[2017.06.27-05.53.09:114][  0]LogD3D11RHI:   Driver Version: Unknown (internal:Unknown, unified:Unknown)
[2017.06.27-05.53.09:114][  0]LogD3D11RHI:      Driver Date: Unknown
[2017.06.27-05.53.09:114][  0]LogRHI: Texture pool is 1361 MB (70% of 1945 MB)
[2017.06.27-05.53.09:146][  0]LogD3D11RHI: Async texture creation enabled
[2017.06.27-05.53.09:169][  0]LogD3D11RHI: GPU Timing Frequency: 1000.000000 (Debug: 2 1)
[2017.06.27-05.53.09:174][  0]LogShaderCompilers: Guid format shader working directory is -46 characters bigger than the processId version (../../../../../../Users/tommy/Desktop/Unreal Engine 4 Materials Tutorial/BananaQuestStarter/Intermediate/Shaders/WorkingDirectory/10256/).
[2017.06.27-05.53.09:174][  0]LogShaderCompilers: Cleaned the shader compiler working directory 'C:/Users/tommy/AppData/Local/Temp/UnrealShaderWorkingDir/33F32B5C444AF39086963A83D1AFC8CB/'.
[2017.06.27-05.53.09:175][  0]LogShaderCompilers:Display: Using Local Shader Compiler.
[2017.06.27-05.53.11:294][  0]LogTemp:Display: Loaded TP AllDesktopTargetPlatform
[2017.06.27-05.53.11:348][  0]LogTemp:Display: Loaded TP MacClientTargetPlatform
[2017.06.27-05.53.11:399][  0]LogTemp:Display: Loaded TP MacNoEditorTargetPlatform
[2017.06.27-05.53.11:449][  0]LogTemp:Display: Loaded TP MacServerTargetPlatform
[2017.06.27-05.53.11:505][  0]LogTemp:Display: Loaded TP MacTargetPlatform
[2017.06.27-05.53.11:556][  0]LogTemp:Display: Loaded TP WindowsClientTargetPlatform
[2017.06.27-05.53.11:607][  0]LogTemp:Display: Loaded TP WindowsNoEditorTargetPlatform
[2017.06.27-05.53.11:658][  0]LogTemp:Display: Loaded TP WindowsServerTargetPlatform
[2017.06.27-05.53.11:705][  0]LogTemp:Display: Loaded TP WindowsTargetPlatform
[2017.06.27-05.53.11:760][  0]LogTemp:Display: Loaded TP AndroidTargetPlatform
[2017.06.27-05.53.11:813][  0]LogTemp:Display: Loaded TP Android_ASTCTargetPlatform
[2017.06.27-05.53.11:889][  0]LogTemp:Display: Loaded TP Android_ATCTargetPlatform
[2017.06.27-05.53.11:970][  0]LogTemp:Display: Loaded TP Android_DXTTargetPlatform
[2017.06.27-05.53.12:042][  0]LogTemp:Display: Loaded TP Android_ETC1TargetPlatform
[2017.06.27-05.53.12:113][  0]LogTemp:Display: Loaded TP Android_ETC2TargetPlatform
[2017.06.27-05.53.12:274][  0]LogTemp:Display: Loaded TP Android_MultiTargetPlatform
[2017.06.27-05.53.12:274][  0]LogTemp:Display: Loaded TP Android_PVRTCTargetPlatform
[2017.06.27-05.53.12:334][  0]LogTemp:Display: Loaded TP HTML5TargetPlatform
[2017.06.27-05.53.12:465][  0]LogTemp:Display: Loaded TP IOSTargetPlatform
[2017.06.27-05.53.12:509][  0]LogTemp:Display: Loaded TP TVOSTargetPlatform
[2017.06.27-05.53.12:578][  0]LogTemp:Display: Loaded TP LinuxClientTargetPlatform
[2017.06.27-05.53.12:653][  0]LogTemp:Display: Loaded TP LinuxNoEditorTargetPlatform
[2017.06.27-05.53.12:722][  0]LogTemp:Display: Loaded TP LinuxServerTargetPlatform
[2017.06.27-05.53.12:794][  0]LogTemp:Display: Loaded TP LinuxTargetPlatform
[2017.06.27-05.53.12:794][  0]LogTargetPlatformManager:Display: Building Assets For Windows
[2017.06.27-05.53.13:721][  0]LogDerivedDataCache:Display: Max Cache Size: 512 MB
[2017.06.27-05.53.14:173][  0]LogDerivedDataCache: Loaded boot cache 0.45s 90MB C:/Users/tommy/AppData/Local/UnrealEngine/4.16/DerivedDataCache/Boot.ddc.
[2017.06.27-05.53.14:174][  0]LogDerivedDataCache:Display: Loaded Boot cache: C:/Users/tommy/AppData/Local/UnrealEngine/4.16/DerivedDataCache/Boot.ddc
[2017.06.27-05.53.14:174][  0]LogDerivedDataCache: FDerivedDataBackendGraph:  Pak pak cache file ../../../../../../Users/tommy/Desktop/Unreal Engine 4 Materials Tutorial/BananaQuestStarter/DerivedDataCache/DDC.ddp not found, will not use a pak cache.
[2017.06.27-05.53.14:174][  0]LogDerivedDataCache: Unable to find inner node Pak for hierarchical cache Hierarchy.
[2017.06.27-05.53.14:174][  0]LogDerivedDataCache: FDerivedDataBackendGraph:  CompressedPak pak cache file ../../../../../../Users/tommy/Desktop/Unreal Engine 4 Materials Tutorial/BananaQuestStarter/DerivedDataCache/Compressed.ddp not found, will not use a pak cache.
[2017.06.27-05.53.14:174][  0]LogDerivedDataCache: Unable to find inner node CompressedPak for hierarchical cache Hierarchy.
[2017.06.27-05.53.14:200][  0]LogDerivedDataCache:Display: Pak cache opened for reading ../../../Engine/DerivedDataCache/Compressed.ddp.
[2017.06.27-05.53.14:212][  0]LogDerivedDataCache: Using Local data cache path C:/Users/tommy/AppData/Local/UnrealEngine/Common/DerivedDataCache: Writable
[2017.06.27-05.53.14:225][  0]LogMaterial: Verifying Global Shaders for PCD3D_SM5
[2017.06.27-05.53.14:230][  0]LogSlate: Using Freetype 2.6.0
[2017.06.27-05.53.14:243][  0]LogSlate: SlateFontCache - WITH_FREETYPE: 1, WITH_HARFBUZZ: 1
[2017.06.27-05.53.14:243][  0]LogSlate: SlateFontCache - WITH_FREETYPE: 1, WITH_HARFBUZZ: 1
[2017.06.27-05.53.15:110][  0]LogInit: Selected Device Profile: [Windows]
[2017.06.27-05.53.15:300][  0]LogContentStreaming: Texture pool size is 0.00 MB
[2017.06.27-05.53.15:533][  0]LogMeshUtilities: Using QuadricMeshReduction for automatic static mesh reduction
[2017.06.27-05.53.15:587][  0]LogSimplygon: Simplygon DLL not present - disabling.
[2017.06.27-05.53.15:640][  0]LogMeshUtilities: Using SimplygonSwarm for distributed automatic mesh merging
[2017.06.27-05.53.15:640][  0]LogMeshUtilities: No automatic skeletal mesh reduction module available
[2017.06.27-05.53.15:640][  0]LogMeshUtilities: No automatic mesh merging module available
[2017.06.27-05.53.16:983][  0]LogNetVersion: BananaQuestStarter , NetCL: 3452394, EngineNetVer: 2, GameNetVer: 0 (Checksum: 3359916604)
[2017.06.27-05.53.17:084][  0]LogAssetRegistry: FAssetRegistry took 0.0289 seconds to start up
[2017.06.27-05.53.17:165][  0]LogPackageLocalizationCache: Processed 4 localized package path(s) for 2 prioritized culture(s) in 0.052564 seconds
[2017.06.27-05.53.17:171][  0]LogUObjectArray: 34194 objects as part of root set at end of initial load.
[2017.06.27-05.53.17:171][  0]LogUObjectAllocator: 7260424 out of 0 bytes used by permanent object pool.
[2017.06.27-05.53.17:171][  0]LogUObjectArray: CloseDisregardForGC: 0/0 objects in disregard for GC pool
[2017.06.27-05.53.17:245][  0]LogInit: WinSock: version 1.1 (2.2), MaxSocks=32767, MaxUdp=65467
[2017.06.27-05.53.21:680][  0]LogTcpMessaging: Initializing TcpMessaging bridge
[2017.06.27-05.53.21:724][  0]LogUdpMessaging: Initializing bridge on interface 0.0.0.0:0 to multicast group 230.0.0.1:6666.
[2017.06.27-05.53.22:760][  0]LogMaterial: Uniform references updated for custom material expression Custom.
[2017.06.27-05.53.23:566][  0]SourceControl: Info Source control is disabled
[2017.06.27-05.53.23:567][  0]SourceControl: Info Source control is disabled
[2017.06.27-05.53.23:645][  0]SourceControl: Info Source control is disabled
[2017.06.27-05.53.23:725][  0]SourceControl: Info Source control is disabled
[2017.06.27-05.53.24:602][  0]LogAndroidPermission: UAndroidPermissionCallbackProxy::GetInstance
[2017.06.27-05.53.25:318][  0]LogEngine: Initializing Engine...
[2017.06.27-05.53.25:320][  0]LogHMD: Failed to initialize OpenVR with code 110
[2017.06.27-05.53.25:724][  0]LogStats: UGameplayTagsManager::ConstructGameplayTagTree: Construct from data asset -  0.000 s
[2017.06.27-05.53.25:724][  0]LogStats: UGameplayTagsManager::ConstructGameplayTagTree: GameplayTagTreeChangedEvent.Broadcast -  0.000 s
[2017.06.27-05.53.25:890][  0]LogAIModule: Creating AISystem for world Untitled
[2017.06.27-05.53.25:906][  0]LogInit: XAudio2 using 'Speakers / Headphones (Conexant SmartAudio HD)' : 2 channels at 48 kHz using 32 bits per sample (channel mask 0x3)
[2017.06.27-05.53.25:924][  0]LogInit: FAudioDevice initialized.
[2017.06.27-05.53.25:983][  0]LogDerivedDataCache: Saved boot cache 0.06s 90MB C:/Users/tommy/AppData/Local/UnrealEngine/4.16/DerivedDataCache/Boot.ddc.
[2017.06.27-05.53.26:002][  0]LogInit: Texture streaming: Enabled
[2017.06.27-05.53.26:122][  0]LogEngineSessionManager: EngineSessionManager initialized
[2017.06.27-05.53.26:385][  0]LogInit: Transaction tracking system initialized
[2017.06.27-05.53.26:755][  0]BlueprintLog: New page: Editor Load
[2017.06.27-05.53.27:888][  0]LocalizationService: Info Localization service is disabled
[2017.06.27-05.53.28:706][  0]LogConsoleResponse:Display: 
[2017.06.27-05.53.29:126][  0]LogFileCache: Scanning file cache for directory 'C:/Users/tommy/Desktop/Unreal Engine 4 Materials Tutorial/BananaQuestStarter/Content/' took 0.01s
[2017.06.27-05.53.29:126][  0]LogCook:Display: Max memory allowance for cook 16384mb min free memory 0mb
[2017.06.27-05.53.29:127][  0]LogCook:Display: Mobile HDR setting 1
[2017.06.27-05.53.30:306][  0]SourceControl: Info Source control is disabled
[2017.06.27-05.53.30:308][  0]Cmd: MAP LOAD FILE="../../../../../../Users/tommy/Desktop/Unreal Engine 4 Materials Tutorial/BananaQuestStarter/Content/BananaQuest/Maps/TutorialMap.umap" TEMPLATE=0 SHOWPROGRESS=1 FEATURELEVEL=3
[2017.06.27-05.53.30:309][  0]LightingResults: New page: Lighting Build
[2017.06.27-05.53.30:353][  0]MapCheck: New page: Map Check
[2017.06.27-05.53.30:353][  0]LightingResults: New page: Lighting Build
[2017.06.27-05.53.30:799][  0]LogAIModule: Creating AISystem for world TutorialMap
[2017.06.27-05.53.30:828][  0]LogEditorServer: Finished looking for orphan Actors (0.000 secs)
[2017.06.27-05.53.30:842][  0]Cmd: MAP CHECKDEP NOCLEARLOG
[2017.06.27-05.53.30:887][  0]MapCheck: Info Map check complete: 0 Error(s), 0 Warning(s), took 45.122ms to complete.
[2017.06.27-05.53.30:887][  0]LogFileHelpers: Loading map 'TutorialMap' took 0.580
[2017.06.27-05.53.31:166][  0]LogCollectionManager: Loaded 0 collections in 0.001666 seconds
[2017.06.27-05.53.31:300][  0]LogFileCache: Scanning file cache for directory 'C:/Users/tommy/Desktop/Unreal Engine 4 Materials Tutorial/BananaQuestStarter/Saved/Collections/' took 0.01s
[2017.06.27-05.53.31:300][  0]LogFileCache: Scanning file cache for directory 'C:/Users/tommy/Desktop/Unreal Engine 4 Materials Tutorial/BananaQuestStarter/Content/Developers/tommy/Collections/' took 0.01s
[2017.06.27-05.53.31:300][  0]LogFileCache: Scanning file cache for directory 'C:/Users/tommy/Desktop/Unreal Engine 4 Materials Tutorial/BananaQuestStarter/Content/Collections/' took 0.01s
[2017.06.27-05.53.31:300][  0]LogCollectionManager: Rebuilt the GUID cache for 0 collections in 0.000001 seconds
[2017.06.27-05.53.31:311][  0]LogContentBrowser: Native class hierarchy populated in 0.0094 seconds. Added 2329 classes and 491 folders.
[2017.06.27-05.53.31:379][  0]LogContentBrowser: Native class hierarchy updated for 'WidgetCarousel' in 0.0007 seconds. Added 0 classes and 0 folders.
[2017.06.27-05.53.31:749][  0]LogContentBrowser: Native class hierarchy updated for 'AddContentDialog' in 0.0005 seconds. Added 0 classes and 0 folders.
[2017.06.27-05.53.31:799][  0]LogContentBrowser: Native class hierarchy updated for 'SceneOutliner' in 0.0006 seconds. Added 1 classes and 2 folders.
[2017.06.27-05.53.31:877][  0]LogCrashTracker: Crashtracker disabled due to settings.
[2017.06.27-05.53.31:903][  0]LogSlate: Took 0.008819 seconds to synchronously load lazily loaded font '../../../Engine/Content/Slate/Fonts/Roboto-Regular.ttf' (155K)
[2017.06.27-05.53.31:913][  0]LogSlate: Took 0.007331 seconds to synchronously load lazily loaded font '../../../Engine/Content/Slate/Fonts/Roboto-Bold.ttf' (160K)
[2017.06.27-05.53.31:927][  0]LogSlate: Took 0.008220 seconds to synchronously load lazily loaded font '../../../Engine/Content/Editor/Slate/Fonts/FontAwesome.ttf' (139K)
[2017.06.27-05.53.32:103][  0]LogRenderer: Reallocating scene render targets to support 1120x628 NumSamples 1 (Frame:1).
[2017.06.27-05.53.32:322][  0]LogUObjectGlobals:Warning: Failed to find object 'Class None.'
[2017.06.27-05.53.32:394][  0]LogContentBrowser: Native class hierarchy updated for 'HierarchicalLODOutliner' in 0.0006 seconds. Added 1 classes and 2 folders.
[2017.06.27-05.53.32:394][  0]LogLoad: (Engine Initialization) Total time: 29.98 seconds
[2017.06.27-05.53.32:394][  0]LogLoad: (Engine Initialization) Total Blueprint compile time: 0.16 seconds
[2017.06.27-05.53.32:394][  0]LogExternalProfiler: No external profilers were discovered.  External profiling features will not be available.
[2017.06.27-05.53.32:739][  0]LogOcInput: OculusInput pre-init called
[2017.06.27-05.53.32:739][  0]LogHMD: Starting GearVRController plugin
[2017.06.27-05.53.32:769][  0]LogContentStreaming: Texture pool size now 1000 MB
[2017.06.27-05.53.32:899][  0]LogSlate: Took 0.008922 seconds to synchronously load lazily loaded font '../../../Engine/Content/Slate/Fonts/Roboto-Light.ttf' (159K)
[2017.06.27-05.53.33:099][  1]LogAssetRegistry: Asset discovery search completed in 16.0369 seconds
[2017.06.27-05.53.33:101][  1]LogCollectionManager: Rebuilt the object cache for 0 collections in 0.000000 seconds (found 0 objects)
[2017.06.27-05.53.33:101][  1]LogCollectionManager: Fixed up redirectors for 0 collections in 0.000048 seconds (updated 0 objects)
[2017.06.27-05.53.33:739][  3]LogSlate: Took 0.000880 seconds to synchronously load lazily loaded font '../../../Engine/Content/Slate/Fonts/Roboto-Light.ttf' (159K)
[2017.06.27-05.53.37:019][194]LogSlate: Took 0.000158 seconds to synchronously load lazily loaded font '../../../Engine/Content/Slate/Fonts/Roboto-Light.ttf' (159K)
[2017.06.27-05.53.37:513][194]LogContentBrowser: Native class hierarchy updated for 'BlueprintGraph' in 0.0008 seconds. Added 112 classes and 0 folders.
[2017.06.27-05.53.38:080][194]LogSlate: Took 0.000115 seconds to synchronously load lazily loaded font '../../../Engine/Content/Slate/Fonts/Roboto-Regular.ttf' (155K)
[2017.06.27-05.53.38:191][194]LogSlate: Took 0.004818 seconds to synchronously load lazily loaded font '../../../Engine/Content/Editor/Slate/Fonts/Roboto-BoldCondensed.ttf' (158K)
[2017.06.27-05.53.38:325][195]LogSlate: Took 0.005913 seconds to synchronously load lazily loaded font '../../../Engine/Content/Editor/Slate/Fonts/Roboto-Italic.ttf' (157K)
[2017.06.27-05.53.43:996][526]BlueprintLog: New page: Compile BP_Player
[2017.06.27-05.54.13:056][129]LogSavePackage: Save=49.92ms
[2017.06.27-05.54.13:056][129]LogSavePackage: Moving '../../../../../../Users/tommy/Desktop/Unreal Engine 4 Materials Tutorial/BananaQuestStarter/Saved/BP_Player163691CA449C8A205781CFB53DBFD78D.tmp' to '../../../../../../Users/tommy/Desktop/Unreal Engine 4 Materials Tutorial/BananaQuestStarter/Content/BananaQuest/Blueprints/BP_Player.uasset'
[2017.06.27-05.54.13:063][129]LogSavePackage:Display: Finished SavePackage ../../../../../../Users/tommy/Desktop/Unreal Engine 4 Materials Tutorial/BananaQuestStarter/Content/BananaQuest/Blueprints/BP_Player.uasset
[2017.06.27-05.54.20:805][571]LogMaterial: Missing cached shader map for material M_Cube, compiling. 
[2017.06.27-05.54.20:923][571]LogMaterial: Missing cached shader map for material M_Cube, compiling. 
[2017.06.27-05.54.20:937][571]LogMaterial: Missing cached shader map for material M_Cube, compiling. 
[2017.06.27-05.54.20:977][571]LogMaterial: Missing cached shader map for material FMatExpressionPreview MaterialExpressionConstant3Vector_0, compiling. 
[2017.06.27-05.54.23:803][723]MaterialEditorStats: Info Base pass shader: 79 instructions
[2017.06.27-05.54.23:803][723]MaterialEditorStats: Info Vertex shader: 29 instructions
[2017.06.27-05.54.23:804][723]MaterialEditorStats: Info Texture samplers: 1/16
[2017.06.27-05.58.53:135][349]LogTemp: Repeting last play command: Selected Viewport
[2017.06.27-05.58.53:180][349]LogBlueprintUserMessages: Early PlayInEditor Detection: Level '/Game/BananaQuest/Maps/TutorialMap.TutorialMap:PersistentLevel' has LevelScriptBlueprint '/Game/BananaQuest/Maps/TutorialMap.TutorialMap:PersistentLevel.TutorialMap' with GeneratedClass '/Game/BananaQuest/Maps/TutorialMap.TutorialMap_C' with ClassGeneratedBy '/Game/BananaQuest/Maps/TutorialMap.TutorialMap:PersistentLevel.TutorialMap'
[2017.06.27-05.58.53:180][349]LogPlayLevel: PlayLevel: No blueprints needed recompiling
[2017.06.27-05.58.53:181][349]PIE: New page: PIE session: TutorialMap (28 Jun 2017 1:58:53 am)
[2017.06.27-05.58.53:182][349]LogPlayLevel: Creating play world package: /Game/BananaQuest/Maps/UEDPIE_0_TutorialMap
[2017.06.27-05.58.53:186][349]LogPlayLevel: PIE: StaticDuplicateObject took: (0.004251s)
[2017.06.27-05.58.53:186][349]LogAIModule: Creating AISystem for world TutorialMap
[2017.06.27-05.58.53:187][349]LogPlayLevel: PIE: World Init took: (0.000859s)
[2017.06.27-05.58.53:187][349]LogPlayLevel: PIE: Created PIE world by copying editor world from /Game/BananaQuest/Maps/TutorialMap.TutorialMap to /Game/BananaQuest/Maps/UEDPIE_0_TutorialMap.TutorialMap (0.005811s)
[2017.06.27-05.58.53:205][349]LogInit: XAudio2 using 'Speakers / Headphones (Conexant SmartAudio HD)' : 2 channels at 48 kHz using 32 bits per sample (channel mask 0x3)
[2017.06.27-05.58.53:215][349]LogInit: FAudioDevice initialized.
[2017.06.27-05.58.53:257][349]LogLoad: Game class is 'GM_Tutorial_C'
[2017.06.27-05.58.53:262][349]LogWorld: Bringing World /Game/BananaQuest/Maps/UEDPIE_0_TutorialMap.TutorialMap up for play (max tick rate 60) at 2017.06.27-15.58.53
[2017.06.27-05.58.53:263][349]LogWorld: Bringing up level for play took: 0.002286
[2017.06.27-05.58.53:305][349]LogContentBrowser: Native class hierarchy updated for 'MovieSceneCapture' in 0.0006 seconds. Added 11 classes and 0 folders.
[2017.06.27-05.58.53:306][349]PIE: Info Play in editor start time for /Game/BananaQuest/Maps/UEDPIE_0_TutorialMap 0.556
[2017.06.27-05.58.53:307][349]LogBlueprintUserMessages: Late PlayInEditor Detection: Level '/Game/BananaQuest/Maps/TutorialMap.TutorialMap:PersistentLevel' has LevelScriptBlueprint '/Game/BananaQuest/Maps/TutorialMap.TutorialMap:PersistentLevel.TutorialMap' with GeneratedClass '/Game/BananaQuest/Maps/TutorialMap.TutorialMap_C' with ClassGeneratedBy '/Game/BananaQuest/Maps/TutorialMap.TutorialMap:PersistentLevel.TutorialMap'
[2017.06.27-05.58.54:113][390]LogBlueprintUserMessages: Early EndPlayMap Detection: Level '/Game/BananaQuest/Maps/TutorialMap.TutorialMap:PersistentLevel' has LevelScriptBlueprint '/Game/BananaQuest/Maps/TutorialMap.TutorialMap:PersistentLevel.TutorialMap' with GeneratedClass '/Game/BananaQuest/Maps/TutorialMap.TutorialMap_C' with ClassGeneratedBy '/Game/BananaQuest/Maps/TutorialMap.TutorialMap:PersistentLevel.TutorialMap'
[2017.06.27-05.58.54:149][390]LogBlueprintUserMessages: Late EndPlayMap Detection: Level '/Game/BananaQuest/Maps/TutorialMap.TutorialMap:PersistentLevel' has LevelScriptBlueprint '/Game/BananaQuest/Maps/TutorialMap.TutorialMap:PersistentLevel.TutorialMap' with GeneratedClass '/Game/BananaQuest/Maps/TutorialMap.TutorialMap_C' with ClassGeneratedBy '/Game/BananaQuest/Maps/TutorialMap.TutorialMap:PersistentLevel.TutorialMap'
[2017.06.27-05.59.00:139][532]LogTemp: Repeting last play command: Selected Viewport
[2017.06.27-05.59.00:156][532]LogBlueprintUserMessages: Early PlayInEditor Detection: Level '/Game/BananaQuest/Maps/TutorialMap.TutorialMap:PersistentLevel' has LevelScriptBlueprint '/Game/BananaQuest/Maps/TutorialMap.TutorialMap:PersistentLevel.TutorialMap' with GeneratedClass '/Game/BananaQuest/Maps/TutorialMap.TutorialMap_C' with ClassGeneratedBy '/Game/BananaQuest/Maps/TutorialMap.TutorialMap:PersistentLevel.TutorialMap'
[2017.06.27-05.59.00:156][532]LogPlayLevel: PlayLevel: No blueprints needed recompiling
[2017.06.27-05.59.00:156][532]PIE: New page: PIE session: TutorialMap (28 Jun 2017 1:59:00 am)
[2017.06.27-05.59.00:156][532]LogPlayLevel: Creating play world package: /Game/BananaQuest/Maps/UEDPIE_0_TutorialMap
[2017.06.27-05.59.00:160][532]LogPlayLevel: PIE: StaticDuplicateObject took: (0.003443s)
[2017.06.27-05.59.00:160][532]LogAIModule: Creating AISystem for world TutorialMap
[2017.06.27-05.59.00:160][532]LogPlayLevel: PIE: World Init took: (0.000737s)
[2017.06.27-05.59.00:161][532]LogPlayLevel: PIE: Created PIE world by copying editor world from /Game/BananaQuest/Maps/TutorialMap.TutorialMap to /Game/BananaQuest/Maps/UEDPIE_0_TutorialMap.TutorialMap (0.004476s)
[2017.06.27-05.59.00:175][532]LogInit: XAudio2 using 'Speakers / Headphones (Conexant SmartAudio HD)' : 2 channels at 48 kHz using 32 bits per sample (channel mask 0x3)
[2017.06.27-05.59.00:184][532]LogInit: FAudioDevice initialized.
[2017.06.27-05.59.00:216][532]LogLoad: Game class is 'GM_Tutorial_C'
[2017.06.27-05.59.00:219][532]LogWorld: Bringing World /Game/BananaQuest/Maps/UEDPIE_0_TutorialMap.TutorialMap up for play (max tick rate 60) at 2017.06.27-15.59.00
[2017.06.27-05.59.00:219][532]LogWorld: Bringing up level for play took: 0.001771
[2017.06.27-05.59.00:220][532]PIE: Info Play in editor start time for /Game/BananaQuest/Maps/UEDPIE_0_TutorialMap -0.53
[2017.06.27-05.59.00:220][532]LogBlueprintUserMessages: Late PlayInEditor Detection: Level '/Game/BananaQuest/Maps/TutorialMap.TutorialMap:PersistentLevel' has LevelScriptBlueprint '/Game/BananaQuest/Maps/TutorialMap.TutorialMap:PersistentLevel.TutorialMap' with GeneratedClass '/Game/BananaQuest/Maps/TutorialMap.TutorialMap_C' with ClassGeneratedBy '/Game/BananaQuest/Maps/TutorialMap.TutorialMap:PersistentLevel.TutorialMap'
[2017.06.27-05.59.01:804][626]LogBlueprintUserMessages: Early EndPlayMap Detection: Level '/Game/BananaQuest/Maps/TutorialMap.TutorialMap:PersistentLevel' has LevelScriptBlueprint '/Game/BananaQuest/Maps/TutorialMap.TutorialMap:PersistentLevel.TutorialMap' with GeneratedClass '/Game/BananaQuest/Maps/TutorialMap.TutorialMap_C' with ClassGeneratedBy '/Game/BananaQuest/Maps/TutorialMap.TutorialMap:PersistentLevel.TutorialMap'
[2017.06.27-05.59.01:837][626]LogBlueprintUserMessages: Late EndPlayMap Detection: Level '/Game/BananaQuest/Maps/TutorialMap.TutorialMap:PersistentLevel' has LevelScriptBlueprint '/Game/BananaQuest/Maps/TutorialMap.TutorialMap:PersistentLevel.TutorialMap' with GeneratedClass '/Game/BananaQuest/Maps/TutorialMap.TutorialMap_C' with ClassGeneratedBy '/Game/BananaQuest/Maps/TutorialMap.TutorialMap:PersistentLevel.TutorialMap'
[2017.06.27-05.59.07:062][740]LogTemp: Repeting last play command: Selected Viewport
[2017.06.27-05.59.07:078][740]LogBlueprintUserMessages: Early PlayInEditor Detection: Level '/Game/BananaQuest/Maps/TutorialMap.TutorialMap:PersistentLevel' has LevelScriptBlueprint '/Game/BananaQuest/Maps/TutorialMap.TutorialMap:PersistentLevel.TutorialMap' with GeneratedClass '/Game/BananaQuest/Maps/TutorialMap.TutorialMap_C' with ClassGeneratedBy '/Game/BananaQuest/Maps/TutorialMap.TutorialMap:PersistentLevel.TutorialMap'
[2017.06.27-05.59.07:079][740]LogPlayLevel: PlayLevel: No blueprints needed recompiling
[2017.06.27-05.59.07:079][740]PIE: New page: PIE session: TutorialMap (28 Jun 2017 1:59:07 am)
[2017.06.27-05.59.07:079][740]LogPlayLevel: Creating play world package: /Game/BananaQuest/Maps/UEDPIE_0_TutorialMap
[2017.06.27-05.59.07:082][740]LogPlayLevel: PIE: StaticDuplicateObject took: (0.003271s)
[2017.06.27-05.59.07:083][740]LogAIModule: Creating AISystem for world TutorialMap
[2017.06.27-05.59.07:083][740]LogPlayLevel: PIE: World Init took: (0.000695s)
[2017.06.27-05.59.07:083][740]LogPlayLevel: PIE: Created PIE world by copying editor world from /Game/BananaQuest/Maps/TutorialMap.TutorialMap to /Game/BananaQuest/Maps/UEDPIE_0_TutorialMap.TutorialMap (0.004184s)
[2017.06.27-05.59.07:097][740]LogInit: XAudio2 using 'Speakers / Headphones (Conexant SmartAudio HD)' : 2 channels at 48 kHz using 32 bits per sample (channel mask 0x3)
[2017.06.27-05.59.07:106][740]LogInit: FAudioDevice initialized.
[2017.06.27-05.59.07:140][740]LogLoad: Game class is 'GM_Tutorial_C'
[2017.06.27-05.59.07:144][740]LogWorld: Bringing World /Game/BananaQuest/Maps/UEDPIE_0_TutorialMap.TutorialMap up for play (max tick rate 60) at 2017.06.27-15.59.07
[2017.06.27-05.59.07:145][740]LogWorld: Bringing up level for play took: 0.002658
[2017.06.27-05.59.07:146][740]PIE: Info Play in editor start time for /Game/BananaQuest/Maps/UEDPIE_0_TutorialMap 0.395
[2017.06.27-05.59.07:146][740]LogBlueprintUserMessages: Late PlayInEditor Detection: Level '/Game/BananaQuest/Maps/TutorialMap.TutorialMap:PersistentLevel' has LevelScriptBlueprint '/Game/BananaQuest/Maps/TutorialMap.TutorialMap:PersistentLevel.TutorialMap' with GeneratedClass '/Game/BananaQuest/Maps/TutorialMap.TutorialMap_C' with ClassGeneratedBy '/Game/BananaQuest/Maps/TutorialMap.TutorialMap:PersistentLevel.TutorialMap'
[2017.06.27-05.59.11:813][ 19]LogBlueprintUserMessages: Early EndPlayMap Detection: Level '/Game/BananaQuest/Maps/TutorialMap.TutorialMap:PersistentLevel' has LevelScriptBlueprint '/Game/BananaQuest/Maps/TutorialMap.TutorialMap:PersistentLevel.TutorialMap' with GeneratedClass '/Game/BananaQuest/Maps/TutorialMap.TutorialMap_C' with ClassGeneratedBy '/Game/BananaQuest/Maps/TutorialMap.TutorialMap:PersistentLevel.TutorialMap'
[2017.06.27-05.59.11:847][ 19]LogBlueprintUserMessages: Late EndPlayMap Detection: Level '/Game/BananaQuest/Maps/TutorialMap.TutorialMap:PersistentLevel' has LevelScriptBlueprint '/Game/BananaQuest/Maps/TutorialMap.TutorialMap:PersistentLevel.TutorialMap' with GeneratedClass '/Game/BananaQuest/Maps/TutorialMap.TutorialMap_C' with ClassGeneratedBy '/Game/BananaQuest/Maps/TutorialMap.TutorialMap:PersistentLevel.TutorialMap'
[2017.06.27-05.59.12:853][ 72]LogEditorViewport: Clicking on Actor (LMB): StaticMeshActor (Cube5)
[2017.06.27-05.59.13:893][118]LogTemp: Repeting last play command: Selected Viewport
[2017.06.27-05.59.13:912][118]LogBlueprintUserMessages: Early PlayInEditor Detection: Level '/Game/BananaQuest/Maps/TutorialMap.TutorialMap:PersistentLevel' has LevelScriptBlueprint '/Game/BananaQuest/Maps/TutorialMap.TutorialMap:PersistentLevel.TutorialMap' with GeneratedClass '/Game/BananaQuest/Maps/TutorialMap.TutorialMap_C' with ClassGeneratedBy '/Game/BananaQuest/Maps/TutorialMap.TutorialMap:PersistentLevel.TutorialMap'
[2017.06.27-05.59.13:912][118]LogPlayLevel: PlayLevel: No blueprints needed recompiling
[2017.06.27-05.59.13:912][118]PIE: New page: PIE session: TutorialMap (28 Jun 2017 1:59:13 am)
[2017.06.27-05.59.13:912][118]LogPlayLevel: Creating play world package: /Game/BananaQuest/Maps/UEDPIE_0_TutorialMap
[2017.06.27-05.59.13:915][118]LogPlayLevel: PIE: StaticDuplicateObject took: (0.002904s)
[2017.06.27-05.59.13:915][118]LogAIModule: Creating AISystem for world TutorialMap
[2017.06.27-05.59.13:916][118]LogPlayLevel: PIE: World Init took: (0.000682s)
[2017.06.27-05.59.13:916][118]LogPlayLevel: PIE: Created PIE world by copying editor world from /Game/BananaQuest/Maps/TutorialMap.TutorialMap to /Game/BananaQuest/Maps/UEDPIE_0_TutorialMap.TutorialMap (0.003865s)
[2017.06.27-05.59.13:931][118]LogInit: XAudio2 using 'Speakers / Headphones (Conexant SmartAudio HD)' : 2 channels at 48 kHz using 32 bits per sample (channel mask 0x3)
[2017.06.27-05.59.13:940][118]LogInit: FAudioDevice initialized.
[2017.06.27-05.59.13:974][118]LogLoad: Game class is 'GM_Tutorial_C'
[2017.06.27-05.59.13:977][118]LogWorld: Bringing World /Game/BananaQuest/Maps/UEDPIE_0_TutorialMap.TutorialMap up for play (max tick rate 60) at 2017.06.27-15.59.13
[2017.06.27-05.59.13:977][118]LogWorld: Bringing up level for play took: 0.002111
[2017.06.27-05.59.13:979][118]PIE: Info Play in editor start time for /Game/BananaQuest/Maps/UEDPIE_0_TutorialMap -0.772
[2017.06.27-05.59.13:979][118]LogBlueprintUserMessages: Late PlayInEditor Detection: Level '/Game/BananaQuest/Maps/TutorialMap.TutorialMap:PersistentLevel' has LevelScriptBlueprint '/Game/BananaQuest/Maps/TutorialMap.TutorialMap:PersistentLevel.TutorialMap' with GeneratedClass '/Game/BananaQuest/Maps/TutorialMap.TutorialMap_C' with ClassGeneratedBy '/Game/BananaQuest/Maps/TutorialMap.TutorialMap:PersistentLevel.TutorialMap'
[2017.06.27-05.59.14:244][133]LogBlueprintUserMessages: Early EndPlayMap Detection: Level '/Game/BananaQuest/Maps/TutorialMap.TutorialMap:PersistentLevel' has LevelScriptBlueprint '/Game/BananaQuest/Maps/TutorialMap.TutorialMap:PersistentLevel.TutorialMap' with GeneratedClass '/Game/BananaQuest/Maps/TutorialMap.TutorialMap_C' with ClassGeneratedBy '/Game/BananaQuest/Maps/TutorialMap.TutorialMap:PersistentLevel.TutorialMap'
[2017.06.27-05.59.14:310][133]LogBlueprintUserMessages: Late EndPlayMap Detection: Level '/Game/BananaQuest/Maps/TutorialMap.TutorialMap:PersistentLevel' has LevelScriptBlueprint '/Game/BananaQuest/Maps/TutorialMap.TutorialMap:PersistentLevel.TutorialMap' with GeneratedClass '/Game/BananaQuest/Maps/TutorialMap.TutorialMap_C' with ClassGeneratedBy '/Game/BananaQuest/Maps/TutorialMap.TutorialMap:PersistentLevel.TutorialMap'
[2017.06.27-05.59.33:249][630]LogMaterial: Missing cached shader map for material M_Banana, compiling. 
[2017.06.27-05.59.33:343][630]LogMaterial: Missing cached shader map for material M_Banana, compiling. 
[2017.06.27-05.59.33:358][630]LogMaterial: Missing cached shader map for material M_Banana, compiling. 
[2017.06.27-05.59.33:399][630]LogMaterial: Missing cached shader map for material FMatExpressionPreview MaterialExpressionTextureSample_0, compiling. 
[2017.06.27-05.59.35:869][709]MaterialEditorStats: Info Base pass shader: 81 instructions
[2017.06.27-05.59.35:869][709]MaterialEditorStats: Info Vertex shader: 31 instructions
[2017.06.27-05.59.35:869][709]MaterialEditorStats: Info Texture samplers: 2/16
[2017.06.27-05.59.35:869][709]MaterialEditorStats: Info User interpolators: 2/4 Scalars (1/4 Vectors) (TexCoords: 2, Custom: 0)
[2017.06.27-05.59.50:517][277]LogMaterialEditor: Applying material M_Banana
[2017.06.27-05.59.51:108][277]LogMaterial: Missing cached shader map for material M_Banana, compiling. 
[2017.06.27-05.59.51:153][277]LogMaterial: Missing cached shader map for material M_Banana, compiling. 
[2017.06.27-05.59.51:176][277]LogMaterial: Missing cached shader map for material M_Banana, compiling. 
[2017.06.27-05.59.51:208][277]LogMaterial: Missing cached shader map for material FDebugViewModeMaterialProxy M_Banana, compiling. 
[2017.06.27-05.59.52:057][277]TextureStreamingBuild:Display: Compiling optional shaders took 0.854 seconds.
[2017.06.27-05.59.54:398][403]LogMaterialEditor: Saving and Compiling material M_Banana
[2017.06.27-05.59.54:786][403]LogSavePackage: Save=16.18ms
[2017.06.27-05.59.54:786][403]LogSavePackage: Moving '../../../../../../Users/tommy/Desktop/Unreal Engine 4 Materials Tutorial/BananaQuestStarter/Saved/M_BananaD3345DAC44019A3A6E50DE8053F96D98.tmp' to '../../../../../../Users/tommy/Desktop/Unreal Engine 4 Materials Tutorial/BananaQuestStarter/Content/BananaQuest/Materials/M_Banana.uasset'
[2017.06.27-05.59.54:791][403]LogSavePackage:Display: Finished SavePackage ../../../../../../Users/tommy/Desktop/Unreal Engine 4 Materials Tutorial/BananaQuestStarter/Content/BananaQuest/Materials/M_Banana.uasset
[2017.06.27-05.59.54:798][403]MaterialEditorStats: Info Base pass shader: 81 instructions
[2017.06.27-05.59.54:798][403]MaterialEditorStats: Info Vertex shader: 31 instructions
[2017.06.27-05.59.54:798][403]MaterialEditorStats: Info Texture samplers: 3/16
[2017.06.27-05.59.54:798][403]MaterialEditorStats: Info User interpolators: 2/4 Scalars (1/4 Vectors) (TexCoords: 2, Custom: 0)
[2017.06.27-06.02.14:284][924]LogSavePackage: Save=39.85ms
[2017.06.27-06.02.14:284][924]LogSavePackage: Moving '../../../../../../Users/tommy/Desktop/Unreal Engine 4 Materials Tutorial/BananaQuestStarter/Saved/BP_PlayerD80DC151492706BDBA0D8B86856E159C.tmp' to '../../../../../../Users/tommy/Desktop/Unreal Engine 4 Materials Tutorial/BananaQuestStarter/Content/BananaQuest/Blueprints/BP_Player.uasset'
[2017.06.27-06.02.14:286][924]LogSavePackage:Display: Finished SavePackage ../../../../../../Users/tommy/Desktop/Unreal Engine 4 Materials Tutorial/BananaQuestStarter/Content/BananaQuest/Blueprints/BP_Player.uasset
[2017.06.27-06.02.24:204][489]LogSavePackage: Save=167.50ms
[2017.06.27-06.02.24:204][489]LogSavePackage: Moving '../../../../../../Users/tommy/Desktop/Unreal Engine 4 Materials Tutorial/BananaQuestStarter/Saved/TutorialMapECF422FA4A3ABADBFE2FEAB4CC445B92.tmp' to '../../../../../../Users/tommy/Desktop/Unreal Engine 4 Materials Tutorial/BananaQuestStarter/Content/BananaQuest/Maps/TutorialMap.umap'
[2017.06.27-06.02.24:206][489]LogSavePackage:Display: Finished SavePackage ../../../../../../Users/tommy/Desktop/Unreal Engine 4 Materials Tutorial/BananaQuestStarter/Content/BananaQuest/Maps/TutorialMap.umap
[2017.06.27-06.02.25:367][551]LogTemp: Repeting last play command: Selected Viewport
[2017.06.27-06.02.25:386][551]LogBlueprintUserMessages: Early PlayInEditor Detection: Level '/Game/BananaQuest/Maps/TutorialMap.TutorialMap:PersistentLevel' has LevelScriptBlueprint '/Game/BananaQuest/Maps/TutorialMap.TutorialMap:PersistentLevel.TutorialMap' with GeneratedClass '/Game/BananaQuest/Maps/TutorialMap.TutorialMap_C' with ClassGeneratedBy '/Game/BananaQuest/Maps/TutorialMap.TutorialMap:PersistentLevel.TutorialMap'
[2017.06.27-06.02.25:386][551]LogPlayLevel: PlayLevel: No blueprints needed recompiling
[2017.06.27-06.02.25:386][551]PIE: New page: PIE session: TutorialMap (28 Jun 2017 2:02:25 am)
[2017.06.27-06.02.25:386][551]LogPlayLevel: Creating play world package: /Game/BananaQuest/Maps/UEDPIE_0_TutorialMap
[2017.06.27-06.02.25:390][551]LogPlayLevel: PIE: StaticDuplicateObject took: (0.003644s)
[2017.06.27-06.02.25:390][551]LogAIModule: Creating AISystem for world TutorialMap
[2017.06.27-06.02.25:391][551]LogPlayLevel: PIE: World Init took: (0.000807s)
[2017.06.27-06.02.25:391][551]LogPlayLevel: PIE: Created PIE world by copying editor world from /Game/BananaQuest/Maps/TutorialMap.TutorialMap to /Game/BananaQuest/Maps/UEDPIE_0_TutorialMap.TutorialMap (0.004850s)
[2017.06.27-06.02.25:410][551]LogInit: XAudio2 using 'Speakers / Headphones (Conexant SmartAudio HD)' : 2 channels at 48 kHz using 32 bits per sample (channel mask 0x3)
[2017.06.27-06.02.25:418][551]LogInit: FAudioDevice initialized.
[2017.06.27-06.02.25:449][551]LogLoad: Game class is 'GM_Tutorial_C'
[2017.06.27-06.02.25:452][551]LogWorld: Bringing World /Game/BananaQuest/Maps/UEDPIE_0_TutorialMap.TutorialMap up for play (max tick rate 60) at 2017.06.27-16.02.25
[2017.06.27-06.02.25:453][551]LogWorld: Bringing up level for play took: 0.001886
[2017.06.27-06.02.25:454][551]PIE: Info Play in editor start time for /Game/BananaQuest/Maps/UEDPIE_0_TutorialMap 0.703
[2017.06.27-06.02.25:454][551]LogBlueprintUserMessages: Late PlayInEditor Detection: Level '/Game/BananaQuest/Maps/TutorialMap.TutorialMap:PersistentLevel' has LevelScriptBlueprint '/Game/BananaQuest/Maps/TutorialMap.TutorialMap:PersistentLevel.TutorialMap' with GeneratedClass '/Game/BananaQuest/Maps/TutorialMap.TutorialMap_C' with ClassGeneratedBy '/Game/BananaQuest/Maps/TutorialMap.TutorialMap:PersistentLevel.TutorialMap'
[2017.06.27-06.02.26:307][601]LogBlueprintUserMessages: Early EndPlayMap Detection: Level '/Game/BananaQuest/Maps/TutorialMap.TutorialMap:PersistentLevel' has LevelScriptBlueprint '/Game/BananaQuest/Maps/TutorialMap.TutorialMap:PersistentLevel.TutorialMap' with GeneratedClass '/Game/BananaQuest/Maps/TutorialMap.TutorialMap_C' with ClassGeneratedBy '/Game/BananaQuest/Maps/TutorialMap.TutorialMap:PersistentLevel.TutorialMap'
[2017.06.27-06.02.26:359][601]LogBlueprintUserMessages: Late EndPlayMap Detection: Level '/Game/BananaQuest/Maps/TutorialMap.TutorialMap:PersistentLevel' has LevelScriptBlueprint '/Game/BananaQuest/Maps/TutorialMap.TutorialMap:PersistentLevel.TutorialMap' with GeneratedClass '/Game/BananaQuest/Maps/TutorialMap.TutorialMap_C' with ClassGeneratedBy '/Game/BananaQuest/Maps/TutorialMap.TutorialMap:PersistentLevel.TutorialMap'
[2017.06.27-06.02.27:464][647]LogSavePackage: Save=139.11ms
[2017.06.27-06.02.27:464][647]LogSavePackage: Moving '../../../../../../Users/tommy/Desktop/Unreal Engine 4 Materials Tutorial/BananaQuestStarter/Saved/TutorialMapF9E4E45E4DDC7C8158F8F7B6E73B5645.tmp' to '../../../../../../Users/tommy/Desktop/Unreal Engine 4 Materials Tutorial/BananaQuestStarter/Content/BananaQuest/Maps/TutorialMap.umap'
[2017.06.27-06.02.27:466][647]LogSavePackage:Display: Finished SavePackage ../../../../../../Users/tommy/Desktop/Unreal Engine 4 Materials Tutorial/BananaQuestStarter/Content/BananaQuest/Maps/TutorialMap.umap
[2017.06.27-06.02.29:379][739]Cmd: QUIT_EDITOR
[2017.06.27-06.02.30:147][739]LogWindowsTextInputMethodSystem:Display: IME system now deactivated.
[2017.06.27-06.02.30:178][739]LogExit: Preparing to exit.
[2017.06.27-06.02.31:073][739]LogDirectoryWatcher: A directory notification for 'C:/Users/tommy/Desktop/Unreal Engine 4 Materials Tutorial/BananaQuestStarter/Content/' was aborted.
[2017.06.27-06.02.31:105][739]LogExit: Editor shut down
[2017.06.27-06.02.31:112][739]LogExit: Transaction tracking system shut down
[2017.06.27-06.02.31:218][739]LogObj: Freed 0b from 0 cluster array pools.
[2017.06.27-06.02.31:218][739]LogExit: Object subsystem successfully closed.
[2017.06.27-06.02.31:236][739]LogD3D11RHI: Shutdown
[2017.06.27-06.02.31:236][739]LogD3D11RHI: CleanupD3DDevice
[2017.06.27-06.02.31:332][739]LogD3D11RHI: ~FD3D11DynamicRHI
[2017.06.27-06.02.31:351][739]LogModuleManager: Shutting down and abandoning module MovieSceneCapture (532)
[2017.06.27-06.02.31:351][739]LogModuleManager: Shutting down and abandoning module MaterialEditor (530)
[2017.06.27-06.02.31:351][739]LogModuleManager: Shutting down and abandoning module BlueprintGraph (528)
[2017.06.27-06.02.31:351][739]LogModuleManager: Shutting down and abandoning module BlueprintProfiler (526)
[2017.06.27-06.02.31:351][739]LogModuleManager: Shutting down and abandoning module HierarchicalLODOutliner (524)
[2017.06.27-06.02.31:351][739]LogModuleManager: Shutting down and abandoning module CrashTracker (522)
[2017.06.27-06.02.31:351][739]LogModuleManager: Shutting down and abandoning module SceneOutliner (520)
[2017.06.27-06.02.31:351][739]LogModuleManager: Shutting down and abandoning module AddContentDialog (518)
[2017.06.27-06.02.31:352][739]LogDirectoryWatcher: A directory notification for 'C:/Program Files/Epic Games/UE_4.16/FeaturePacks/' was aborted.
[2017.06.27-06.02.31:353][739]LogModuleManager: Shutting down and abandoning module WidgetCarousel (517)
[2017.06.27-06.02.31:353][739]LogModuleManager: Shutting down and abandoning module EditorWidgets (514)
[2017.06.27-06.02.31:353][739]LogModuleManager: Shutting down and abandoning module CollectionManager (512)
[2017.06.27-06.02.31:353][739]LogDirectoryWatcher: A directory notification for 'C:/Users/tommy/Desktop/Unreal Engine 4 Materials Tutorial/BananaQuestStarter/Content/Collections/' was aborted.
[2017.06.27-06.02.31:353][739]LogDirectoryWatcher: A directory notification for 'C:/Users/tommy/Desktop/Unreal Engine 4 Materials Tutorial/BananaQuestStarter/Content/Developers/tommy/Collections/' was aborted.
[2017.06.27-06.02.31:353][739]LogDirectoryWatcher: A directory notification for 'C:/Users/tommy/Desktop/Unreal Engine 4 Materials Tutorial/BananaQuestStarter/Saved/Collections/' was aborted.
[2017.06.27-06.02.31:353][739]LogModuleManager: Shutting down and abandoning module StatsViewer (510)
[2017.06.27-06.02.31:353][739]LogModuleManager: Shutting down and abandoning module FoliageEdit (508)
[2017.06.27-06.02.31:353][739]LogModuleManager: Shutting down and abandoning module LandscapeEditor (506)
[2017.06.27-06.02.31:353][739]LogModuleManager: Shutting down and abandoning module MeshPaintMode (504)
[2017.06.27-06.02.31:353][739]LogModuleManager: Shutting down and abandoning module SceneDepthPickerMode (502)
[2017.06.27-06.02.31:353][739]LogModuleManager: Shutting down and abandoning module ActorPickerMode (500)
[2017.06.27-06.02.31:353][739]LogModuleManager: Shutting down and abandoning module GeometryMode (498)
[2017.06.27-06.02.31:353][739]LogModuleManager: Shutting down and abandoning module TextureAlignMode (496)
[2017.06.27-06.02.31:353][739]LogModuleManager: Shutting down and abandoning module BspMode (494)
[2017.06.27-06.02.31:353][739]LogModuleManager: Shutting down and abandoning module HardwareSurvey (492)
[2017.06.27-06.02.31:353][739]LogModuleManager: Shutting down and abandoning module SequenceRecorderSections (490)
[2017.06.27-06.02.31:353][739]LogModuleManager: Shutting down and abandoning module AutomationWorker (488)
[2017.06.27-06.02.31:353][739]LogModuleManager: Shutting down and abandoning module MatineeToLevelSequence (486)
[2017.06.27-06.02.31:353][739]LogModuleManager: Shutting down and abandoning module LevelSequenceEditor (484)
[2017.06.27-06.02.31:354][739]LogModuleManager: Shutting down and abandoning module PlacementMode (483)
[2017.06.27-06.02.31:354][739]LogModuleManager: Shutting down and abandoning module WmfMediaFactory (480)
[2017.06.27-06.02.31:354][739]LogModuleManager: Shutting down and abandoning module WmfMediaEditor (478)
[2017.06.27-06.02.31:354][739]LogModuleManager: Shutting down and abandoning module AvfMediaFactory (476)
[2017.06.27-06.02.31:354][739]LogModuleManager: Shutting down and abandoning module AvfMediaEditor (474)
[2017.06.27-06.02.31:354][739]LogModuleManager: Shutting down and abandoning module AndroidMediaFactory (472)
[2017.06.27-06.02.31:354][739]LogModuleManager: Shutting down and abandoning module Media (471)
[2017.06.27-06.02.31:354][739]LogModuleManager: Shutting down and abandoning module AndroidMediaEditor (468)
[2017.06.27-06.02.31:354][739]LogModuleManager: Shutting down and abandoning module CharacterAI (466)
[2017.06.27-06.02.31:354][739]LogModuleManager: Shutting down and abandoning module AudioCapture (464)
[2017.06.27-06.02.31:354][739]LogModuleManager: Shutting down and abandoning module SequenceRecorder (463)
[2017.06.27-06.02.31:354][739]LogModuleManager: Shutting down and abandoning module SmartSnapping (460)
[2017.06.27-06.02.31:354][739]LogModuleManager: Shutting down and abandoning module SessionServices (458)
[2017.06.27-06.02.31:354][739]LogModuleManager: Shutting down and abandoning module ViewportSnapping (456)
[2017.06.27-06.02.31:354][739]LogModuleManager: Shutting down and abandoning module ViewportInteraction (454)
[2017.06.27-06.02.31:354][739]LogModuleManager: Shutting down and abandoning module ClothPainter (452)
[2017.06.27-06.02.31:355][739]LogModuleManager: Shutting down and abandoning module LogVisualizer (450)
[2017.06.27-06.02.31:355][739]LogModuleManager: Shutting down and abandoning module IntroTutorials (448)
[2017.06.27-06.02.31:355][739]LogModuleManager: Shutting down and abandoning module GameProjectGeneration (447)
[2017.06.27-06.02.31:356][739]LogModuleManager: Shutting down and abandoning module EditorLiveStreaming (444)
[2017.06.27-06.02.31:356][739]LogModuleManager: Shutting down and abandoning module IOSPlatformEditor (442)
[2017.06.27-06.02.31:356][739]LogModuleManager: Shutting down and abandoning module HTML5PlatformEditor (440)
[2017.06.27-06.02.31:356][739]LogModuleManager: Shutting down and abandoning module AndroidPlatformEditor (438)
[2017.06.27-06.02.31:356][739]LogModuleManager: Shutting down and abandoning module AndroidDeviceDetection (437)
[2017.06.27-06.02.31:455][739]LogModuleManager: Shutting down and abandoning module IOSRuntimeSettings (434)
[2017.06.27-06.02.31:455][739]LogModuleManager: Shutting down and abandoning module AndroidRuntimeSettings (432)
[2017.06.27-06.02.31:455][739]LogModuleManager: Shutting down and abandoning module InputBindingEditor (430)
[2017.06.27-06.02.31:457][739]LogModuleManager: Shutting down and abandoning module MergeActors (428)
[2017.06.27-06.02.31:457][739]LogModuleManager: Shutting down and abandoning module SizeMap (426)
[2017.06.27-06.02.31:457][739]LogModuleManager: Shutting down and abandoning module TreeMap (424)
[2017.06.27-06.02.31:458][739]LogModuleManager: Shutting down and abandoning module ReferenceViewer (422)
[2017.06.27-06.02.31:458][739]LogModuleManager: Shutting down and abandoning module LocalizationDashboard (420)
[2017.06.27-06.02.31:458][739]LogModuleManager: Shutting down and abandoning module LocalizationService (419)
[2017.06.27-06.02.31:458][739]LogModuleManager: Shutting down and abandoning module HardwareTargeting (416)
[2017.06.27-06.02.31:458][739]LogModuleManager: Shutting down and abandoning module DeviceProfileEditor (414)
[2017.06.27-06.02.31:458][739]LogModuleManager: Shutting down and abandoning module UndoHistory (412)
[2017.06.27-06.02.31:458][739]LogModuleManager: Shutting down and abandoning module UserFeedback (410)
[2017.06.27-06.02.31:458][739]LogModuleManager: Shutting down and abandoning module XmlParser (408)
[2017.06.27-06.02.31:458][739]LogModuleManager: Shutting down and abandoning module Blutility (406)
[2017.06.27-06.02.31:458][739]LogModuleManager: Shutting down and abandoning module ProjectSettingsViewer (404)
[2017.06.27-06.02.31:458][739]LogModuleManager: Shutting down and abandoning module ProjectTargetPlatformEditor (403)
[2017.06.27-06.02.31:459][739]LogModuleManager: Shutting down and abandoning module EditorSettingsViewer (400)
[2017.06.27-06.02.31:459][739]LogModuleManager: Shutting down and abandoning module SettingsEditor (398)
[2017.06.27-06.02.31:459][739]LogModuleManager: Shutting down and abandoning module ProjectLauncher (396)
[2017.06.27-06.02.31:460][739]LogModuleManager: Shutting down and abandoning module SessionFrontend (394)
[2017.06.27-06.02.31:460][739]LogModuleManager: Shutting down and abandoning module ProfilerClient (392)
[2017.06.27-06.02.31:461][739]LogModuleManager: Shutting down and abandoning module DeviceManager (390)
[2017.06.27-06.02.31:461][739]LogModuleManager: Shutting down and abandoning module TargetDeviceServices (389)
[2017.06.27-06.02.31:514][739]LogModuleManager: Shutting down and abandoning module AutomationController (386)
[2017.06.27-06.02.31:514][739]LogModuleManager: Shutting down and abandoning module AutomationWindow (384)
[2017.06.27-06.02.31:515][739]LogModuleManager: Shutting down and abandoning module Layers (382)
[2017.06.27-06.02.31:517][739]LogModuleManager: Shutting down and abandoning module ComponentVisualizers (380)
[2017.06.27-06.02.31:517][739]LogModuleManager: Shutting down and abandoning module DetailCustomizations (378)
[2017.06.27-06.02.31:517][739]LogModuleManager: Shutting down and abandoning module PackagesDialog (376)
[2017.06.27-06.02.31:517][739]LogModuleManager: Shutting down and abandoning module Persona (374)
[2017.06.27-06.02.31:518][739]LogModuleManager: Shutting down and abandoning module AdvancedPreviewScene (373)
[2017.06.27-06.02.31:518][739]LogModuleManager: Shutting down and abandoning module AnimGraph (371)
[2017.06.27-06.02.31:518][739]LogModuleManager: Shutting down and abandoning module Kismet (368)
[2017.06.27-06.02.31:533][739]LogModuleManager: Shutting down and abandoning module ClassViewer (366)
[2017.06.27-06.02.31:533][739]LogModuleManager: Shutting down and abandoning module Toolbox (364)
[2017.06.27-06.02.31:533][739]LogModuleManager: Shutting down and abandoning module ModuleUI (362)
[2017.06.27-06.02.31:533][739]LogModuleManager: Shutting down and abandoning module MovieSceneTools (360)
[2017.06.27-06.02.31:534][739]LogModuleManager: Shutting down and abandoning module OutputLog (358)
[2017.06.27-06.02.31:534][739]LogModuleManager: Shutting down and abandoning module GammaUI (356)
[2017.06.27-06.02.31:535][739]LogModuleManager: Shutting down and abandoning module Documentation (354)
[2017.06.27-06.02.31:535][739]LogModuleManager: Shutting down and abandoning module MovieSceneTracks (352)
[2017.06.27-06.02.31:535][739]LogModuleManager: Shutting down and abandoning module MovieScene (350)
[2017.06.27-06.02.31:535][739]LogModuleManager: Shutting down and abandoning module Niagara (348)
[2017.06.27-06.02.31:535][739]LogModuleManager: Shutting down and abandoning module NiagaraEditor (347)
[2017.06.27-06.02.31:535][739]LogModuleManager: Shutting down and abandoning module StreamingPauseRendering (344)
[2017.06.27-06.02.31:536][739]LogModuleManager: Shutting down and abandoning module AnalyticsET (342)
[2017.06.27-06.02.31:536][739]LogModuleManager: Shutting down and abandoning module PortalServices (340)
[2017.06.27-06.02.31:536][739]LogModuleManager: Shutting down and abandoning module PortalRpc (338)
[2017.06.27-06.02.31:536][739]LogModuleManager: Shutting down and abandoning module MessagingRpc (336)
[2017.06.27-06.02.31:536][739]LogModuleManager: Shutting down and abandoning module AIModule (334)
[2017.06.27-06.02.31:536][739]LogModuleManager: Shutting down and abandoning module GameplayDebugger (333)
[2017.06.27-06.02.31:536][739]LogModuleManager: Shutting down and abandoning module AITestSuite (331)
[2017.06.27-06.02.31:536][739]LogModuleManager: Shutting down and abandoning module ProfilerService (328)
[2017.06.27-06.02.31:762][739]LogModuleManager: Shutting down and abandoning module TaskGraph (326)
[2017.06.27-06.02.31:764][739]LogModuleManager: Shutting down and abandoning module SteamVRController (324)
[2017.06.27-06.02.31:764][739]LogModuleManager: Shutting down and abandoning module SteamVR (322)
[2017.06.27-06.02.31:764][739]LogModuleManager: Shutting down and abandoning module ProceduralMeshComponentEditor (320)
[2017.06.27-06.02.31:764][739]LogModuleManager: Shutting down and abandoning module ProceduralMeshComponent (318)
[2017.06.27-06.02.31:764][739]LogModuleManager: Shutting down and abandoning module OculusLibrary (316)
[2017.06.27-06.02.31:764][739]LogModuleManager: Shutting down and abandoning module OculusInput (314)
[2017.06.27-06.02.31:764][739]LogModuleManager: Shutting down and abandoning module MobilePatchingUtils (312)
[2017.06.27-06.02.31:764][739]LogModuleManager: Shutting down and abandoning module CustomMeshComponent (310)
[2017.06.27-06.02.31:765][739]LogModuleManager: Shutting down and abandoning module CableComponent (308)
[2017.06.27-06.02.31:765][739]LogModuleManager: Shutting down and abandoning module ArchVisCharacter (306)
[2017.06.27-06.02.31:765][739]LogModuleManager: Shutting down and abandoning module AndroidPermission (304)
[2017.06.27-06.02.31:765][739]LogModuleManager: Shutting down and abandoning module MediaPlayerEditor (300)
[2017.06.27-06.02.31:765][739]LogModuleManager: Shutting down and abandoning module HTML5Networking (298)
[2017.06.27-06.02.31:765][739]LogModuleManager: Shutting down and abandoning module AlembicImporter (296)
[2017.06.27-06.02.31:766][739]LogModuleManager: Shutting down and abandoning module AlembicLibrary (295)
[2017.06.27-06.02.31:766][739]LogModuleManager: Shutting down and abandoning module GeometryCache (294)
[2017.06.27-06.02.31:766][739]LogModuleManager: Shutting down and abandoning module GeometryCacheEd (293)
[2017.06.27-06.02.31:766][739]LogModuleManager: Shutting down and abandoning module SuperSearchEditor (288)
[2017.06.27-06.02.31:766][739]LogModuleManager: Shutting down and abandoning module SuperSearch (287)
[2017.06.27-06.02.31:766][739]LogModuleManager: Shutting down and abandoning module SpeedTreeImporter (284)
[2017.06.27-06.02.31:766][739]LogModuleManager: Shutting down and abandoning module PluginBrowser (282)
[2017.06.27-06.02.31:766][739]LogModuleManager: Shutting down and abandoning module MobileLauncherProfileWizard (280)
[2017.06.27-06.02.31:766][739]LogModuleManager: Shutting down and abandoning module VisualStudioSourceCodeAccess (278)
[2017.06.27-06.02.31:766][739]LogModuleManager: Shutting down and abandoning module DesktopPlatform (277)
[2017.06.27-06.02.31:766][739]LogModuleManager: Shutting down and abandoning module UObjectPlugin (274)
[2017.06.27-06.02.31:766][739]LogModuleManager: Shutting down and abandoning module SubversionSourceControl (272)
[2017.06.27-06.02.31:766][739]LogModuleManager: Shutting down and abandoning module PerforceSourceControl (270)
[2017.06.27-06.02.31:766][739]LogModuleManager: Shutting down and abandoning module GitSourceControl (268)
[2017.06.27-06.02.31:766][739]LogModuleManager: Shutting down and abandoning module SourceControl (267)
[2017.06.27-06.02.31:766][739]LogModuleManager: Shutting down and abandoning module LightPropagationVolumeEditor (264)
[2017.06.27-06.02.31:766][739]LogModuleManager: Shutting down and abandoning module PaperTiledImporter (262)
[2017.06.27-06.02.31:766][739]LogModuleManager: Shutting down and abandoning module PaperSpriteSheetImporter (260)
[2017.06.27-06.02.31:766][739]LogModuleManager: Shutting down and abandoning module Paper2DEditor (258)
[2017.06.27-06.02.31:767][739]LogModuleManager: Shutting down and abandoning module MeshPaint (257)
[2017.06.27-06.02.31:767][739]LogModuleManager: Shutting down and abandoning module LevelEditor (255)
[2017.06.27-06.02.31:769][739]LogModuleManager: Shutting down and abandoning module PixelInspectorModule (254)
[2017.06.27-06.02.31:769][739]LogModuleManager: Shutting down and abandoning module MainFrame (252)
[2017.06.27-06.02.31:769][739]LogModuleManager: Shutting down and abandoning module HotReload (251)
[2017.06.27-06.02.31:770][739]LogModuleManager: Shutting down and abandoning module PhysXVehiclesEditor (246)
[2017.06.27-06.02.31:770][739]LogModuleManager: Shutting down and abandoning module PhysXVehicles (244)
[2017.06.27-06.02.31:770][739]LogModuleManager: Shutting down and abandoning module LocationServicesBPLibrary (242)
[2017.06.27-06.02.31:770][739]LogModuleManager: Shutting down and abandoning module ImmediatePhysicsEditor (240)
[2017.06.27-06.02.31:770][739]LogModuleManager: Shutting down and abandoning module ImmediatePhysics (238)
[2017.06.27-06.02.31:770][739]LogModuleManager: Shutting down and abandoning module UdpMessaging (236)
[2017.06.27-06.02.31:871][739]LogModuleManager: Shutting down and abandoning module TcpMessaging (234)
[2017.06.27-06.02.31:971][739]LogModuleManager: Shutting down and abandoning module GameplayTagsEditor (232)
[2017.06.27-06.02.31:973][739]LogModuleManager: Shutting down and abandoning module FacialAnimationEditor (230)
[2017.06.27-06.02.31:973][739]LogModuleManager: Shutting down and abandoning module FacialAnimation (228)
[2017.06.27-06.02.31:973][739]LogModuleManager: Shutting down and abandoning module AssetManagerEditor (226)
[2017.06.27-06.02.31:974][739]LogModuleManager: Shutting down and abandoning module GraphEditor (225)
[2017.06.27-06.02.31:974][739]LogModuleManager: Shutting down and abandoning module ContentBrowser (223)
[2017.06.27-06.02.31:976][739]LogModuleManager: Shutting down and abandoning module LightPropagationVolumeRuntime (220)
[2017.06.27-06.02.31:976][739]LogModuleManager: Shutting down and abandoning module Paper2D (218)
[2017.06.27-06.02.31:977][739]LogModuleManager: Shutting down and abandoning module WindowsMoviePlayer (216)
[2017.06.27-06.02.31:977][739]LogModuleManager: Shutting down and abandoning module WmfMedia (214)
[2017.06.27-06.02.31:977][739]LogModuleManager: Shutting down and abandoning module ClothingSystemEditor (212)
[2017.06.27-06.02.31:977][739]LogModuleManager: Shutting down and abandoning module ClothingSystemRuntime (210)
[2017.06.27-06.02.31:978][739]LogModuleManager: Shutting down and abandoning module MediaAssets (208)
[2017.06.27-06.02.31:978][739]LogModuleManager: Shutting down and abandoning module GameLiveStreaming (206)
[2017.06.27-06.02.31:978][739]LogModuleManager: Shutting down and abandoning module VREditor (204)
[2017.06.27-06.02.31:978][739]LogModuleManager: Shutting down and abandoning module StringTableEditor (202)
[2017.06.27-06.02.31:978][739]LogModuleManager: Shutting down and abandoning module GameplayTasksEditor (200)
[2017.06.27-06.02.31:978][739]LogModuleManager: Shutting down and abandoning module BehaviorTreeEditor (198)
[2017.06.27-06.02.31:979][739]LogModuleManager: Shutting down and abandoning module FunctionalTesting (196)
[2017.06.27-06.02.31:979][739]LogModuleManager: Shutting down and abandoning module CollisionAnalyzer (194)
[2017.06.27-06.02.31:980][739]LogModuleManager: Shutting down and abandoning module UMG (192)
[2017.06.27-06.02.31:980][739]LogModuleManager: Shutting down and abandoning module UMGEditor (191)
[2017.06.27-06.02.31:981][739]LogModuleManager: Shutting down and abandoning module Sequencer (190)
[2017.06.27-06.02.31:982][739]LogModuleManager: Shutting down and abandoning module AssetTools (188)
[2017.06.27-06.02.31:984][739]LogModuleManager: Shutting down and abandoning module MessageLog (187)
[2017.06.27-06.02.31:984][739]LogModuleManager: Shutting down and abandoning module WorkspaceMenuStructure (186)
[2017.06.27-06.02.31:984][739]LogModuleManager: Shutting down and abandoning module SlateReflector (180)
[2017.06.27-06.02.31:985][739]LogModuleManager: Shutting down and abandoning module Slate (178)
[2017.06.27-06.02.31:985][739]LogModuleManager: Shutting down and abandoning module EditorStyle (176)
[2017.06.27-06.02.31:993][739]LogModuleManager: Shutting down and abandoning module SourceCodeAccess (174)
[2017.06.27-06.02.31:993][739]LogModuleManager: Shutting down and abandoning module HeadMountedDisplay (172)
[2017.06.27-06.02.31:993][739]LogModuleManager: Shutting down and abandoning module XAudio2 (170)
[2017.06.27-06.02.31:993][739]LogModuleManager: Shutting down and abandoning module Networking (168)
[2017.06.27-06.02.31:993][739]LogModuleManager: Shutting down and abandoning module Core (164)
[2017.06.27-06.02.31:993][739]LogModuleManager: Shutting down and abandoning module AssetRegistry (162)
[2017.06.27-06.02.32:085][739]LogDirectoryWatcher: A directory notification for '../../../Engine/Content/' was aborted.
[2017.06.27-06.02.32:085][739]LogDirectoryWatcher: A directory notification for '../../../../../../Users/tommy/Desktop/Unreal Engine 4 Materials Tutorial/BananaQuestStarter/Content/' was aborted.
[2017.06.27-06.02.32:085][739]LogDirectoryWatcher: A directory notification for '../../../Engine/Plugins/2D/Paper2D/Content/' was aborted.
[2017.06.27-06.02.32:085][739]LogDirectoryWatcher: A directory notification for '../../../Engine/Plugins/Runtime/GearVR/Content/' was aborted.
[2017.06.27-06.02.32:088][739]LogModuleManager: Shutting down and abandoning module DirectoryWatcher (161)
[2017.06.27-06.02.32:089][739]LogModuleManager: Shutting down and abandoning module KismetCompiler (158)
[2017.06.27-06.02.32:089][739]LogModuleManager: Shutting down and abandoning module LevelSequence (156)
[2017.06.27-06.02.32:089][739]LogModuleManager: Shutting down and abandoning module PhysXFormats (154)
[2017.06.27-06.02.32:089][739]LogModuleManager: Shutting down and abandoning module MeshUtilities (152)
[2017.06.27-06.02.32:089][739]LogModuleManager: Shutting down and abandoning module SimplygonSwarm (151)
[2017.06.27-06.02.32:089][739]LogModuleManager: Shutting down and abandoning module SimplygonMeshReduction (149)
[2017.06.27-06.02.32:089][739]LogModuleManager: Shutting down and abandoning module QuadricMeshReduction (147)
[2017.06.27-06.02.32:089][739]LogModuleManager: Shutting down and abandoning module DerivedDataCache (144)
[2017.06.27-06.02.32:147][739]LogDerivedDataCache: Shutdown
[2017.06.27-06.02.32:147][739]LogModuleManager: Shutting down and abandoning module TargetPlatform (142)
[2017.06.27-06.02.32:147][739]LogModuleManager: Shutting down and abandoning module VulkanShaderFormat (141)
[2017.06.27-06.02.32:147][739]LogModuleManager: Shutting down and abandoning module ShaderFormatVectorVM (139)
[2017.06.27-06.02.32:149][739]LogModuleManager: Shutting down and abandoning module ShaderFormatOpenGL (137)
[2017.06.27-06.02.32:150][739]LogModuleManager: Shutting down and abandoning module ShaderFormatD3D (135)
[2017.06.27-06.02.32:150][739]LogModuleManager: Shutting down and abandoning module MetalShaderFormat (133)
[2017.06.27-06.02.32:151][739]LogModuleManager: Shutting down and abandoning module TextureFormatUncompressed (131)
[2017.06.27-06.02.32:151][739]LogModuleManager: Shutting down and abandoning module TextureFormatPVR (129)
[2017.06.27-06.02.32:151][739]LogModuleManager: Shutting down and abandoning module TextureFormatDXT (127)
[2017.06.27-06.02.32:151][739]LogModuleManager: Shutting down and abandoning module TextureFormatIntelISPCTexComp (125)
[2017.06.27-06.02.32:151][739]LogModuleManager: Shutting down and abandoning module TextureFormatASTC (123)
[2017.06.27-06.02.32:151][739]LogModuleManager: Shutting down and abandoning module ImageWrapper (122)
[2017.06.27-06.02.32:151][739]LogModuleManager: Shutting down and abandoning module TextureFormatAndroid (119)
[2017.06.27-06.02.32:151][739]LogModuleManager: Shutting down and abandoning module AudioFormatOpus (117)
[2017.06.27-06.02.32:152][739]LogModuleManager: Shutting down and abandoning module AudioFormatOgg (115)
[2017.06.27-06.02.32:152][739]LogModuleManager: Shutting down and abandoning module AudioFormatADPCM (113)
[2017.06.27-06.02.32:152][739]LogModuleManager: Shutting down and abandoning module LinuxTargetPlatform (111)
[2017.06.27-06.02.32:152][739]LogModuleManager: Shutting down and abandoning module LinuxServerTargetPlatform (109)
[2017.06.27-06.02.32:152][739]LogModuleManager: Shutting down and abandoning module LinuxNoEditorTargetPlatform (107)
[2017.06.27-06.02.32:152][739]LogModuleManager: Shutting down and abandoning module LinuxClientTargetPlatform (105)
[2017.06.27-06.02.32:152][739]LogModuleManager: Shutting down and abandoning module TVOSTargetPlatform (103)
[2017.06.27-06.02.32:152][739]LogModuleManager: Shutting down and abandoning module Messaging (101)
[2017.06.27-06.02.32:152][739]LogModuleManager: Shutting down and abandoning module IOSTargetPlatform (99)
[2017.06.27-06.02.32:152][739]LogModuleManager: Shutting down and abandoning module HTML5TargetPlatform (97)
[2017.06.27-06.02.32:152][739]LogModuleManager: Shutting down and abandoning module Android_PVRTCTargetPlatform (95)
[2017.06.27-06.02.32:152][739]LogModuleManager: Shutting down and abandoning module Android_MultiTargetPlatform (93)
[2017.06.27-06.02.32:152][739]LogModuleManager: Shutting down and abandoning module Android_ETC2TargetPlatform (91)
[2017.06.27-06.02.32:152][739]LogModuleManager: Shutting down and abandoning module Android_ETC1TargetPlatform (89)
[2017.06.27-06.02.32:152][739]LogModuleManager: Shutting down and abandoning module Android_DXTTargetPlatform (87)
[2017.06.27-06.02.32:152][739]LogModuleManager: Shutting down and abandoning module Android_ATCTargetPlatform (85)
[2017.06.27-06.02.32:152][739]LogModuleManager: Shutting down and abandoning module Android_ASTCTargetPlatform (83)
[2017.06.27-06.02.32:152][739]LogModuleManager: Shutting down and abandoning module AndroidTargetPlatform (81)
[2017.06.27-06.02.32:152][739]LogModuleManager: Shutting down and abandoning module WindowsTargetPlatform (79)
[2017.06.27-06.02.32:152][739]LogModuleManager: Shutting down and abandoning module WindowsServerTargetPlatform (77)
[2017.06.27-06.02.32:152][739]LogModuleManager: Shutting down and abandoning module WindowsNoEditorTargetPlatform (75)
[2017.06.27-06.02.32:152][739]LogModuleManager: Shutting down and abandoning module WindowsClientTargetPlatform (73)
[2017.06.27-06.02.32:152][739]LogModuleManager: Shutting down and abandoning module MacTargetPlatform (71)
[2017.06.27-06.02.32:152][739]LogModuleManager: Shutting down and abandoning module MacServerTargetPlatform (69)
[2017.06.27-06.02.32:152][739]LogModuleManager: Shutting down and abandoning module MacNoEditorTargetPlatform (67)
[2017.06.27-06.02.32:153][739]LogModuleManager: Shutting down and abandoning module MacClientTargetPlatform (65)
[2017.06.27-06.02.32:153][739]LogModuleManager: Shutting down and abandoning module AllDesktopTargetPlatform (63)
[2017.06.27-06.02.32:153][739]LogModuleManager: Shutting down and abandoning module InputCore (60)
[2017.06.27-06.02.32:153][739]LogModuleManager: Shutting down and abandoning module Settings (58)
[2017.06.27-06.02.32:153][739]LogModuleManager: Shutting down and abandoning module OculusRift (56)
[2017.06.27-06.02.32:153][739]LogModuleManager: Shutting down and abandoning module GearVRController (54)
[2017.06.27-06.02.32:153][739]LogModuleManager: Shutting down and abandoning module GearVR (52)
[2017.06.27-06.02.32:153][739]LogModuleManager: Shutting down and abandoning module ExampleDeviceProfileSelector (50)
[2017.06.27-06.02.32:153][739]LogModuleManager: Shutting down and abandoning module OnlineBlueprintSupport (48)
[2017.06.27-06.02.32:153][739]LogModuleManager: Shutting down and abandoning module OnlineSubsystem (44)
[2017.06.27-06.02.32:153][739]LogOnline:Display: Unloading online subsystem: NULL
[2017.06.27-06.02.32:154][739]LogModuleManager: Shutting down and abandoning module XMPP (43)
[2017.06.27-06.02.32:154][739]LogModuleManager: Shutting down and abandoning module HTTP (41)
[2017.06.27-06.02.32:154][739]LogHttp:Display: Http module shutting down, but needs to wait on 1 outstanding Http requests:
[2017.06.27-06.02.32:154][739]LogHttp:Display: 	verb=[POST] url=[https://datarouter.ol.epicgames.com/datarouter/api/v1/public/data?SessionID=%7B47085048-4114-DFE4-DA05-A9847241F00F%7D&AppID=UEEditor.Rocket.Release&AppVersion=4.16.1-3466753%2B%2B%2BUE4%2BRelease-4.16&UserID=b4e25eea4a0d6450fb924cbf2b84ec0c%7Cddaae3d7adad4251b47aebd4e1f1f19e%7Cc1bb1c04-1998-4d1c-9da9-f3fc45d89125&AppEnvironment=datacollector-binary&UploadType=eteventstream] status=Processing
[2017.06.27-06.02.32:180][739]LogModuleManager: Shutting down and abandoning module SSL (40)
[2017.06.27-06.02.32:185][739]LogModuleManager: Shutting down and abandoning module HTTPChunkInstaller (36)
[2017.06.27-06.02.32:185][739]LogModuleManager: Shutting down and abandoning module AnimationModifiers (34)
[2017.06.27-06.02.32:186][739]LogModuleManager: Shutting down and abandoning module PropertyEditor (33)
[2017.06.27-06.02.32:186][739]LogModuleManager: Shutting down and abandoning module AudioEditor (30)
[2017.06.27-06.02.32:186][739]LogModuleManager: Shutting down and abandoning module TextureCompressor (28)
[2017.06.27-06.02.32:187][739]LogModuleManager: Shutting down and abandoning module ShaderCore (26)
[2017.06.27-06.02.32:187][739]LogModuleManager: Shutting down and abandoning module Landscape (24)
[2017.06.27-06.02.32:187][739]LogModuleManager: Shutting down and abandoning module SlateRHIRenderer (22)
[2017.06.27-06.02.32:189][739]LogModuleManager: Shutting down and abandoning module OpenGLDrv (20)
[2017.06.27-06.02.32:190][739]LogModuleManager: Shutting down and abandoning module D3D11RHI (18)
[2017.06.27-06.02.32:190][739]LogModuleManager: Shutting down and abandoning module AnimGraphRuntime (16)
[2017.06.27-06.02.32:190][739]LogModuleManager: Shutting down and abandoning module Renderer (14)
[2017.06.27-06.02.32:190][739]LogModuleManager: Shutting down and abandoning module Engine (12)
[2017.06.27-06.02.32:190][739]LogModuleManager: Shutting down and abandoning module CoreUObject (10)
[2017.06.27-06.02.32:190][739]LogModuleManager: Shutting down and abandoning module NetworkFile (8)
[2017.06.27-06.02.32:190][739]LogModuleManager: Shutting down and abandoning module StreamingFile (6)
[2017.06.27-06.02.32:190][739]LogModuleManager: Shutting down and abandoning module SandboxFile (4)
[2017.06.27-06.02.32:190][739]LogModuleManager: Shutting down and abandoning module PakFile (2)
[2017.06.27-06.02.32:195][739]LogExit: Exiting.
[2017.06.27-06.02.32:247][739]Log file closed, 06/27/17 16:02:32
